23-Dec-2021 00:11:45.270 INFORMACIÓN [http-nio-8080-exec-431] org.apache.catalina.core.StandardContext.reload Ha comenzado la recarga de Contexto [/Examen-PGWEB]
23-Dec-2021 00:11:45.289 ADVERTENCIA [http-nio-8080-exec-431] org.apache.catalina.loader.WebappClassLoaderBase.clearReferencesJdbc La aplicación web [Examen-PGWEB] registró el conductor JDBC [com.mysql.jdbc.Driver] pero falló al anular el registro mientras la aplicación web estaba parada. Para prevenir un fallo de memoria, se ha anulado el registro del conductor JDBC por la fuerza.
23-Dec-2021 00:11:46.674 INFORMACIÓN [http-nio-8080-exec-431] org.apache.jasper.servlet.TldScanner.scanJars Al menos un JAR, que se ha explorado buscando TLDs, aún no contenía TLDs. Activar historial de depuración para este historiador para una completa lista de los JARs que fueron explorados y de los que nos se halló TLDs. Saltarse JARs no necesarios durante la exploración puede dar lugar a una mejora de tiempo significativa en el arranque y compilación de JSP .
23-Dec-2021 00:11:46.775 INFORMACIÓN [http-nio-8080-exec-431] org.apache.catalina.core.StandardContext.reload Se ha completado la recarga de este Contexto
23-Dec-2021 00:11:53.063 INFORMACIÓN [http-nio-8080-exec-438] org.apache.catalina.startup.HostConfig.undeploy Repliegue (undeploy) de la aplicación web que tiene como trayectoria de contexto [/Examen-PGWEB]
23-Dec-2021 00:11:57.516 INFORMACIÓN [http-nio-8080-exec-432] org.apache.catalina.startup.HostConfig.deployDescriptor Desplieque del descriptor de configuración [C:\Users\jeiso\Documents\WEB-UFPS\apache-tomcat-9.0.56\conf\Catalina\localhost\Examen-PGWEB.xml]
23-Dec-2021 00:11:57.517 ADVERTENCIA [http-nio-8080-exec-432] org.apache.catalina.startup.HostConfig.deployDescriptor The path attribute with value [/Examen-PGWEB] in deployment descriptor [C:\Users\jeiso\Documents\WEB-UFPS\apache-tomcat-9.0.56\conf\Catalina\localhost\Examen-PGWEB.xml] has been ignored
23-Dec-2021 00:11:58.793 INFORMACIÓN [http-nio-8080-exec-432] org.apache.jasper.servlet.TldScanner.scanJars Al menos un JAR, que se ha explorado buscando TLDs, aún no contenía TLDs. Activar historial de depuración para este historiador para una completa lista de los JARs que fueron explorados y de los que nos se halló TLDs. Saltarse JARs no necesarios durante la exploración puede dar lugar a una mejora de tiempo significativa en el arranque y compilación de JSP .
23-Dec-2021 00:11:58.797 INFORMACIÓN [http-nio-8080-exec-432] org.apache.catalina.startup.HostConfig.deployDescriptor Deployment of deployment descriptor [C:\Users\jeiso\Documents\WEB-UFPS\apache-tomcat-9.0.56\conf\Catalina\localhost\Examen-PGWEB.xml] has finished in [1.280] ms
23-Dec-2021 00:11:58.801 INFORMACIÓN [http-nio-8080-exec-438] org.apache.catalina.util.LifecycleBase.start The start() method was called on component [StandardEngine[Catalina].StandardHost[localhost].StandardContext[/Examen-PGWEB]] after start() had already been called. The second call will be ignored.
23-Dec-2021 00:13:20.951 INFORMACIÓN [http-nio-8080-exec-445] org.apache.catalina.core.StandardContext.reload Ha comenzado la recarga de Contexto [/Examen-PGWEB]
23-Dec-2021 00:13:20.975 ADVERTENCIA [http-nio-8080-exec-445] org.apache.catalina.loader.WebappClassLoaderBase.clearReferencesJdbc La aplicación web [Examen-PGWEB] registró el conductor JDBC [com.mysql.jdbc.Driver] pero falló al anular el registro mientras la aplicación web estaba parada. Para prevenir un fallo de memoria, se ha anulado el registro del conductor JDBC por la fuerza.
23-Dec-2021 00:13:22.283 INFORMACIÓN [http-nio-8080-exec-445] org.apache.jasper.servlet.TldScanner.scanJars Al menos un JAR, que se ha explorado buscando TLDs, aún no contenía TLDs. Activar historial de depuración para este historiador para una completa lista de los JARs que fueron explorados y de los que nos se halló TLDs. Saltarse JARs no necesarios durante la exploración puede dar lugar a una mejora de tiempo significativa en el arranque y compilación de JSP .
23-Dec-2021 00:13:22.373 INFORMACIÓN [http-nio-8080-exec-445] org.apache.catalina.core.StandardContext.reload Se ha completado la recarga de este Contexto
23-Dec-2021 00:14:20.061 INFORMACIÓN [http-nio-8080-exec-441] org.apache.catalina.core.StandardContext.reload Ha comenzado la recarga de Contexto [/Examen-PGWEB]
23-Dec-2021 00:14:21.428 INFORMACIÓN [http-nio-8080-exec-441] org.apache.jasper.servlet.TldScanner.scanJars Al menos un JAR, que se ha explorado buscando TLDs, aún no contenía TLDs. Activar historial de depuración para este historiador para una completa lista de los JARs que fueron explorados y de los que nos se halló TLDs. Saltarse JARs no necesarios durante la exploración puede dar lugar a una mejora de tiempo significativa en el arranque y compilación de JSP .
23-Dec-2021 00:14:21.520 INFORMACIÓN [http-nio-8080-exec-441] org.apache.catalina.core.StandardContext.reload Se ha completado la recarga de este Contexto
23-Dec-2021 00:14:28.392 INFORMACIÓN [http-nio-8080-exec-451] org.apache.catalina.startup.HostConfig.undeploy Repliegue (undeploy) de la aplicación web que tiene como trayectoria de contexto [/Examen-PGWEB]
23-Dec-2021 00:14:39.072 INFORMACIÓN [http-nio-8080-exec-452] org.apache.catalina.startup.HostConfig.deployDescriptor Desplieque del descriptor de configuración [C:\Users\jeiso\Documents\WEB-UFPS\apache-tomcat-9.0.56\conf\Catalina\localhost\Examen-PGWEB.xml]
23-Dec-2021 00:14:39.073 ADVERTENCIA [http-nio-8080-exec-452] org.apache.catalina.startup.HostConfig.deployDescriptor The path attribute with value [/Examen-PGWEB] in deployment descriptor [C:\Users\jeiso\Documents\WEB-UFPS\apache-tomcat-9.0.56\conf\Catalina\localhost\Examen-PGWEB.xml] has been ignored
23-Dec-2021 00:14:40.358 INFORMACIÓN [http-nio-8080-exec-452] org.apache.jasper.servlet.TldScanner.scanJars Al menos un JAR, que se ha explorado buscando TLDs, aún no contenía TLDs. Activar historial de depuración para este historiador para una completa lista de los JARs que fueron explorados y de los que nos se halló TLDs. Saltarse JARs no necesarios durante la exploración puede dar lugar a una mejora de tiempo significativa en el arranque y compilación de JSP .
23-Dec-2021 00:14:40.361 INFORMACIÓN [http-nio-8080-exec-452] org.apache.catalina.startup.HostConfig.deployDescriptor Deployment of deployment descriptor [C:\Users\jeiso\Documents\WEB-UFPS\apache-tomcat-9.0.56\conf\Catalina\localhost\Examen-PGWEB.xml] has finished in [1.289] ms
23-Dec-2021 00:14:40.365 INFORMACIÓN [http-nio-8080-exec-451] org.apache.catalina.util.LifecycleBase.start The start() method was called on component [StandardEngine[Catalina].StandardHost[localhost].StandardContext[/Examen-PGWEB]] after start() had already been called. The second call will be ignored.
23-Dec-2021 00:18:18.192 ADVERTENCIA [http-nio-8080-exec-454] org.apache.catalina.loader.WebappClassLoaderBase.clearReferencesJdbc La aplicación web [Examen-PGWEB] registró el conductor JDBC [com.mysql.jdbc.Driver] pero falló al anular el registro mientras la aplicación web estaba parada. Para prevenir un fallo de memoria, se ha anulado el registro del conductor JDBC por la fuerza.
23-Dec-2021 00:18:18.710 INFORMACIÓN [http-nio-8080-exec-454] org.apache.catalina.startup.HostConfig.undeploy Repliegue (undeploy) de la aplicación web que tiene como trayectoria de contexto [/Examen-PGWEB]
23-Dec-2021 00:18:24.213 INFORMACIÓN [http-nio-8080-exec-456] org.apache.catalina.startup.HostConfig.deployDescriptor Desplieque del descriptor de configuración [C:\Users\jeiso\Documents\WEB-UFPS\apache-tomcat-9.0.56\conf\Catalina\localhost\Examen-PGWEB.xml]
23-Dec-2021 00:18:24.215 ADVERTENCIA [http-nio-8080-exec-456] org.apache.catalina.startup.HostConfig.deployDescriptor The path attribute with value [/Examen-PGWEB] in deployment descriptor [C:\Users\jeiso\Documents\WEB-UFPS\apache-tomcat-9.0.56\conf\Catalina\localhost\Examen-PGWEB.xml] has been ignored
23-Dec-2021 00:18:25.512 INFORMACIÓN [http-nio-8080-exec-456] org.apache.jasper.servlet.TldScanner.scanJars Al menos un JAR, que se ha explorado buscando TLDs, aún no contenía TLDs. Activar historial de depuración para este historiador para una completa lista de los JARs que fueron explorados y de los que nos se halló TLDs. Saltarse JARs no necesarios durante la exploración puede dar lugar a una mejora de tiempo significativa en el arranque y compilación de JSP .
23-Dec-2021 00:18:25.516 INFORMACIÓN [http-nio-8080-exec-456] org.apache.catalina.startup.HostConfig.deployDescriptor Deployment of deployment descriptor [C:\Users\jeiso\Documents\WEB-UFPS\apache-tomcat-9.0.56\conf\Catalina\localhost\Examen-PGWEB.xml] has finished in [1.303] ms
23-Dec-2021 00:18:25.520 INFORMACIÓN [http-nio-8080-exec-464] org.apache.catalina.util.LifecycleBase.start The start() method was called on component [StandardEngine[Catalina].StandardHost[localhost].StandardContext[/Examen-PGWEB]] after start() had already been called. The second call will be ignored.
23-Dec-2021 00:21:58.019 ADVERTENCIA [http-nio-8080-exec-472] org.apache.catalina.loader.WebappClassLoaderBase.clearReferencesJdbc La aplicación web [Examen-PGWEB] registró el conductor JDBC [com.mysql.jdbc.Driver] pero falló al anular el registro mientras la aplicación web estaba parada. Para prevenir un fallo de memoria, se ha anulado el registro del conductor JDBC por la fuerza.
23-Dec-2021 00:21:58.534 INFORMACIÓN [http-nio-8080-exec-472] org.apache.catalina.startup.HostConfig.undeploy Repliegue (undeploy) de la aplicación web que tiene como trayectoria de contexto [/Examen-PGWEB]
23-Dec-2021 00:22:12.080 INFORMACIÓN [http-nio-8080-exec-468] org.apache.catalina.startup.HostConfig.deployDescriptor Desplieque del descriptor de configuración [C:\Users\jeiso\Documents\WEB-UFPS\apache-tomcat-9.0.56\conf\Catalina\localhost\Examen-PGWEB.xml]
23-Dec-2021 00:22:12.082 ADVERTENCIA [http-nio-8080-exec-468] org.apache.catalina.startup.HostConfig.deployDescriptor The path attribute with value [/Examen-PGWEB] in deployment descriptor [C:\Users\jeiso\Documents\WEB-UFPS\apache-tomcat-9.0.56\conf\Catalina\localhost\Examen-PGWEB.xml] has been ignored
23-Dec-2021 00:22:13.373 INFORMACIÓN [http-nio-8080-exec-468] org.apache.jasper.servlet.TldScanner.scanJars Al menos un JAR, que se ha explorado buscando TLDs, aún no contenía TLDs. Activar historial de depuración para este historiador para una completa lista de los JARs que fueron explorados y de los que nos se halló TLDs. Saltarse JARs no necesarios durante la exploración puede dar lugar a una mejora de tiempo significativa en el arranque y compilación de JSP .
23-Dec-2021 00:22:13.376 INFORMACIÓN [http-nio-8080-exec-468] org.apache.catalina.startup.HostConfig.deployDescriptor Deployment of deployment descriptor [C:\Users\jeiso\Documents\WEB-UFPS\apache-tomcat-9.0.56\conf\Catalina\localhost\Examen-PGWEB.xml] has finished in [1.295] ms
23-Dec-2021 00:22:13.379 INFORMACIÓN [http-nio-8080-exec-474] org.apache.catalina.util.LifecycleBase.start The start() method was called on component [StandardEngine[Catalina].StandardHost[localhost].StandardContext[/Examen-PGWEB]] after start() had already been called. The second call will be ignored.
23-Dec-2021 00:28:15.126 ADVERTENCIA [http-nio-8080-exec-481] org.apache.catalina.loader.WebappClassLoaderBase.clearReferencesJdbc La aplicación web [Examen-PGWEB] registró el conductor JDBC [com.mysql.jdbc.Driver] pero falló al anular el registro mientras la aplicación web estaba parada. Para prevenir un fallo de memoria, se ha anulado el registro del conductor JDBC por la fuerza.
23-Dec-2021 00:28:15.635 INFORMACIÓN [http-nio-8080-exec-481] org.apache.catalina.startup.HostConfig.undeploy Repliegue (undeploy) de la aplicación web que tiene como trayectoria de contexto [/Examen-PGWEB]
23-Dec-2021 00:28:23.986 INFORMACIÓN [http-nio-8080-exec-482] org.apache.catalina.startup.HostConfig.deployDescriptor Desplieque del descriptor de configuración [C:\Users\jeiso\Documents\WEB-UFPS\apache-tomcat-9.0.56\conf\Catalina\localhost\Examen-PGWEB.xml]
23-Dec-2021 00:28:23.988 ADVERTENCIA [http-nio-8080-exec-482] org.apache.catalina.startup.HostConfig.deployDescriptor The path attribute with value [/Examen-PGWEB] in deployment descriptor [C:\Users\jeiso\Documents\WEB-UFPS\apache-tomcat-9.0.56\conf\Catalina\localhost\Examen-PGWEB.xml] has been ignored
23-Dec-2021 00:28:25.311 INFORMACIÓN [http-nio-8080-exec-482] org.apache.jasper.servlet.TldScanner.scanJars Al menos un JAR, que se ha explorado buscando TLDs, aún no contenía TLDs. Activar historial de depuración para este historiador para una completa lista de los JARs que fueron explorados y de los que nos se halló TLDs. Saltarse JARs no necesarios durante la exploración puede dar lugar a una mejora de tiempo significativa en el arranque y compilación de JSP .
23-Dec-2021 00:28:25.314 INFORMACIÓN [http-nio-8080-exec-482] org.apache.catalina.startup.HostConfig.deployDescriptor Deployment of deployment descriptor [C:\Users\jeiso\Documents\WEB-UFPS\apache-tomcat-9.0.56\conf\Catalina\localhost\Examen-PGWEB.xml] has finished in [1.328] ms
23-Dec-2021 00:28:25.318 INFORMACIÓN [http-nio-8080-exec-484] org.apache.catalina.util.LifecycleBase.start The start() method was called on component [StandardEngine[Catalina].StandardHost[localhost].StandardContext[/Examen-PGWEB]] after start() had already been called. The second call will be ignored.
23-Dec-2021 00:41:44.319 ADVERTENCIA [http-nio-8080-exec-490] org.apache.catalina.loader.WebappClassLoaderBase.clearReferencesJdbc La aplicación web [Examen-PGWEB] registró el conductor JDBC [com.mysql.jdbc.Driver] pero falló al anular el registro mientras la aplicación web estaba parada. Para prevenir un fallo de memoria, se ha anulado el registro del conductor JDBC por la fuerza.
23-Dec-2021 00:41:44.828 INFORMACIÓN [http-nio-8080-exec-490] org.apache.catalina.startup.HostConfig.undeploy Repliegue (undeploy) de la aplicación web que tiene como trayectoria de contexto [/Examen-PGWEB]
23-Dec-2021 00:41:49.079 INFORMACIÓN [main] org.apache.catalina.core.StandardServer.await Se ha recibido un comando de apagado a través del puerto de apagado. Parando la instancia del Servidor.
23-Dec-2021 00:41:49.079 INFORMACIÓN [main] org.apache.coyote.AbstractProtocol.pause Pausing ProtocolHandler ["http-nio-8080"]
23-Dec-2021 00:41:49.282 INFORMACIÓN [main] org.apache.catalina.core.StandardService.stopInternal Parando servicio [Catalina]
23-Dec-2021 00:41:49.297 INFORMACIÓN [main] org.apache.coyote.AbstractProtocol.stop Stopping ProtocolHandler ["http-nio-8080"]
23-Dec-2021 00:41:49.309 INFORMACIÓN [main] org.apache.coyote.AbstractProtocol.destroy Destroying ProtocolHandler ["http-nio-8080"]
23-Dec-2021 00:42:01.519 INFORMACIÓN [main] org.apache.catalina.startup.VersionLoggerListener.log Nombre de la versión del servidor: Apache Tomcat/9.0.56
23-Dec-2021 00:42:01.523 INFORMACIÓN [main] org.apache.catalina.startup.VersionLoggerListener.log Server built:                      Dec 2 2021 14:30:07 UTC
23-Dec-2021 00:42:01.523 INFORMACIÓN [main] org.apache.catalina.startup.VersionLoggerListener.log Número de versión de servidor:     9.0.56.0
23-Dec-2021 00:42:01.524 INFORMACIÓN [main] org.apache.catalina.startup.VersionLoggerListener.log OS Name:                           Windows 10
23-Dec-2021 00:42:01.524 INFORMACIÓN [main] org.apache.catalina.startup.VersionLoggerListener.log Versión de Systema Operativo:      10.0
23-Dec-2021 00:42:01.524 INFORMACIÓN [main] org.apache.catalina.startup.VersionLoggerListener.log Arquitectura:                      amd64
23-Dec-2021 00:42:01.524 INFORMACIÓN [main] org.apache.catalina.startup.VersionLoggerListener.log Java Home:                         C:\Program Files\Java\jdk1.8.0_271\jre
23-Dec-2021 00:42:01.524 INFORMACIÓN [main] org.apache.catalina.startup.VersionLoggerListener.log JVM Version:                       1.8.0_271-b09
23-Dec-2021 00:42:01.524 INFORMACIÓN [main] org.apache.catalina.startup.VersionLoggerListener.log Vededor JVM:                       Oracle Corporation
23-Dec-2021 00:42:01.524 INFORMACIÓN [main] org.apache.catalina.startup.VersionLoggerListener.log CATALINA_BASE:                     C:\Users\jeiso\Documents\WEB-UFPS\apache-tomcat-9.0.56
23-Dec-2021 00:42:01.524 INFORMACIÓN [main] org.apache.catalina.startup.VersionLoggerListener.log CATALINA_HOME:                     C:\Users\jeiso\Documents\WEB-UFPS\apache-tomcat-9.0.56
23-Dec-2021 00:42:01.531 INFORMACIÓN [main] org.apache.catalina.startup.VersionLoggerListener.log Command line argument:             -Djava.util.logging.config.file=C:\Users\jeiso\Documents\WEB-UFPS\apache-tomcat-9.0.56\conf\logging.properties
23-Dec-2021 00:42:01.531 INFORMACIÓN [main] org.apache.catalina.startup.VersionLoggerListener.log Command line argument:             -Djava.util.logging.manager=org.apache.juli.ClassLoaderLogManager
23-Dec-2021 00:42:01.531 INFORMACIÓN [main] org.apache.catalina.startup.VersionLoggerListener.log Command line argument:             -Dhttp.nonProxyHosts=localhost|127.0.0.1|LAPTOP-NT3IUSD3
23-Dec-2021 00:42:01.531 INFORMACIÓN [main] org.apache.catalina.startup.VersionLoggerListener.log Command line argument:             -Djdk.tls.ephemeralDHKeySize=2048
23-Dec-2021 00:42:01.531 INFORMACIÓN [main] org.apache.catalina.startup.VersionLoggerListener.log Command line argument:             -Djava.protocol.handler.pkgs=org.apache.catalina.webresources
23-Dec-2021 00:42:01.531 INFORMACIÓN [main] org.apache.catalina.startup.VersionLoggerListener.log Command line argument:             -Dignore.endorsed.dirs=
23-Dec-2021 00:42:01.531 INFORMACIÓN [main] org.apache.catalina.startup.VersionLoggerListener.log Command line argument:             -Dcatalina.base=C:\Users\jeiso\Documents\WEB-UFPS\apache-tomcat-9.0.56
23-Dec-2021 00:42:01.531 INFORMACIÓN [main] org.apache.catalina.startup.VersionLoggerListener.log Command line argument:             -Dcatalina.home=C:\Users\jeiso\Documents\WEB-UFPS\apache-tomcat-9.0.56
23-Dec-2021 00:42:01.533 INFORMACIÓN [main] org.apache.catalina.startup.VersionLoggerListener.log Command line argument:             -Djava.io.tmpdir=C:\Users\jeiso\Documents\WEB-UFPS\apache-tomcat-9.0.56\temp
23-Dec-2021 00:42:01.538 INFORMACIÓN [main] org.apache.catalina.core.AprLifecycleListener.lifecycleEvent Cargada la biblioteca nativa APR de Apache Tomcat [1.2.31] con la versión APR [1.7.0].
23-Dec-2021 00:42:01.538 INFORMACIÓN [main] org.apache.catalina.core.AprLifecycleListener.lifecycleEvent Capacidades APR: IPv6 [true], enviar fichero [true], aceptar filtros [false], aleatorio [true], UDS [true].
23-Dec-2021 00:42:01.539 INFORMACIÓN [main] org.apache.catalina.core.AprLifecycleListener.lifecycleEvent APR/OpenSSL configuration: useAprConnector [false], useOpenSSL [true]
23-Dec-2021 00:42:01.611 INFORMACIÓN [main] org.apache.catalina.core.AprLifecycleListener.initializeSSL OpenSSL inicializado correctamente [OpenSSL 1.1.1l  24 Aug 2021]
23-Dec-2021 00:42:02.236 INFORMACIÓN [main] org.apache.coyote.AbstractProtocol.init Inicializando el manejador de protocolo ["http-nio-8080"]

23-Dec-2021 00:42:02.275 INFORMACIÓN [main] org.apache.catalina.startup.Catalina.load Server initialization in [1026] milliseconds
23-Dec-2021 00:42:02.329 INFORMACIÓN [main] org.apache.catalina.core.StandardService.startInternal Arrancando servicio [Catalina]
23-Dec-2021 00:42:02.329 INFORMACIÓN [main] org.apache.catalina.core.StandardEngine.startInternal Starting Servlet engine: [Apache Tomcat/9.0.56]
23-Dec-2021 00:42:02.343 INFORMACIÓN [main] org.apache.catalina.startup.HostConfig.deployDirectory Desplegando el directorio [C:\Users\jeiso\Documents\WEB-UFPS\apache-tomcat-9.0.56\webapps\docs] de la aplicación web
23-Dec-2021 00:42:02.899 ADVERTENCIA [main] org.apache.catalina.util.SessionIdGeneratorBase.createSecureRandom Creation of SecureRandom instance for session ID generation using [SHA1PRNG] took [234] milliseconds.
23-Dec-2021 00:42:02.930 INFORMACIÓN [main] org.apache.catalina.startup.HostConfig.deployDirectory Deployment of web application directory [C:\Users\jeiso\Documents\WEB-UFPS\apache-tomcat-9.0.56\webapps\docs] has finished in [588] ms
23-Dec-2021 00:42:02.930 INFORMACIÓN [main] org.apache.catalina.startup.HostConfig.deployDirectory Desplegando el directorio [C:\Users\jeiso\Documents\WEB-UFPS\apache-tomcat-9.0.56\webapps\examples] de la aplicación web
23-Dec-2021 00:42:03.563 INFORMACIÓN [main] org.apache.catalina.startup.HostConfig.deployDirectory Deployment of web application directory [C:\Users\jeiso\Documents\WEB-UFPS\apache-tomcat-9.0.56\webapps\examples] has finished in [633] ms
23-Dec-2021 00:42:03.563 INFORMACIÓN [main] org.apache.catalina.startup.HostConfig.deployDirectory Desplegando el directorio [C:\Users\jeiso\Documents\WEB-UFPS\apache-tomcat-9.0.56\webapps\host-manager] de la aplicación web
23-Dec-2021 00:42:03.619 INFORMACIÓN [main] org.apache.catalina.startup.HostConfig.deployDirectory Deployment of web application directory [C:\Users\jeiso\Documents\WEB-UFPS\apache-tomcat-9.0.56\webapps\host-manager] has finished in [56] ms
23-Dec-2021 00:42:03.619 INFORMACIÓN [main] org.apache.catalina.startup.HostConfig.deployDirectory Desplegando el directorio [C:\Users\jeiso\Documents\WEB-UFPS\apache-tomcat-9.0.56\webapps\manager] de la aplicación web
23-Dec-2021 00:42:03.665 INFORMACIÓN [main] org.apache.catalina.startup.HostConfig.deployDirectory Deployment of web application directory [C:\Users\jeiso\Documents\WEB-UFPS\apache-tomcat-9.0.56\webapps\manager] has finished in [46] ms
23-Dec-2021 00:42:03.665 INFORMACIÓN [main] org.apache.catalina.startup.HostConfig.deployDirectory Desplegando el directorio [C:\Users\jeiso\Documents\WEB-UFPS\apache-tomcat-9.0.56\webapps\ROOT] de la aplicación web
23-Dec-2021 00:42:03.714 INFORMACIÓN [main] org.apache.catalina.startup.HostConfig.deployDirectory Deployment of web application directory [C:\Users\jeiso\Documents\WEB-UFPS\apache-tomcat-9.0.56\webapps\ROOT] has finished in [49] ms
23-Dec-2021 00:42:03.719 INFORMACIÓN [main] org.apache.coyote.AbstractProtocol.start Starting ProtocolHandler ["http-nio-8080"]
23-Dec-2021 00:42:03.747 INFORMACIÓN [main] org.apache.catalina.startup.Catalina.start Server startup in [1470] milliseconds
23-Dec-2021 00:42:04.366 INFORMACIÓN [http-nio-8080-exec-5] org.apache.catalina.startup.HostConfig.deployDescriptor Desplieque del descriptor de configuración [C:\Users\jeiso\Documents\WEB-UFPS\apache-tomcat-9.0.56\conf\Catalina\localhost\Examen-PGWEB.xml]
23-Dec-2021 00:42:04.368 ADVERTENCIA [http-nio-8080-exec-5] org.apache.catalina.startup.HostConfig.deployDescriptor The path attribute with value [/Examen-PGWEB] in deployment descriptor [C:\Users\jeiso\Documents\WEB-UFPS\apache-tomcat-9.0.56\conf\Catalina\localhost\Examen-PGWEB.xml] has been ignored
23-Dec-2021 00:42:06.032 INFORMACIÓN [http-nio-8080-exec-5] org.apache.jasper.servlet.TldScanner.scanJars Al menos un JAR, que se ha explorado buscando TLDs, aún no contenía TLDs. Activar historial de depuración para este historiador para una completa lista de los JARs que fueron explorados y de los que nos se halló TLDs. Saltarse JARs no necesarios durante la exploración puede dar lugar a una mejora de tiempo significativa en el arranque y compilación de JSP .
23-Dec-2021 00:42:06.044 INFORMACIÓN [http-nio-8080-exec-5] org.apache.catalina.startup.HostConfig.deployDescriptor Deployment of deployment descriptor [C:\Users\jeiso\Documents\WEB-UFPS\apache-tomcat-9.0.56\conf\Catalina\localhost\Examen-PGWEB.xml] has finished in [1.678] ms
23-Dec-2021 00:42:06.050 INFORMACIÓN [http-nio-8080-exec-6] org.apache.catalina.util.LifecycleBase.start The start() method was called on component [StandardEngine[Catalina].StandardHost[localhost].StandardContext[/Examen-PGWEB]] after start() had already been called. The second call will be ignored.
23-Dec-2021 00:58:03.568 ADVERTENCIA [http-nio-8080-exec-7] org.apache.catalina.loader.WebappClassLoaderBase.clearReferencesJdbc La aplicación web [Examen-PGWEB] registró el conductor JDBC [com.mysql.jdbc.Driver] pero falló al anular el registro mientras la aplicación web estaba parada. Para prevenir un fallo de memoria, se ha anulado el registro del conductor JDBC por la fuerza.
23-Dec-2021 00:58:04.090 INFORMACIÓN [http-nio-8080-exec-7] org.apache.catalina.startup.HostConfig.undeploy Repliegue (undeploy) de la aplicación web que tiene como trayectoria de contexto [/Examen-PGWEB]
23-Dec-2021 01:33:10.366 INFORMACIÓN [main] org.apache.catalina.core.StandardServer.await Se ha recibido un comando de apagado a través del puerto de apagado. Parando la instancia del Servidor.
23-Dec-2021 01:33:10.367 INFORMACIÓN [main] org.apache.coyote.AbstractProtocol.pause Pausing ProtocolHandler ["http-nio-8080"]
23-Dec-2021 01:33:10.714 INFORMACIÓN [main] org.apache.catalina.core.StandardService.stopInternal Parando servicio [Catalina]
23-Dec-2021 01:33:10.741 INFORMACIÓN [main] org.apache.coyote.AbstractProtocol.stop Stopping ProtocolHandler ["http-nio-8080"]
23-Dec-2021 01:33:10.749 INFORMACIÓN [main] org.apache.coyote.AbstractProtocol.destroy Destroying ProtocolHandler ["http-nio-8080"]
23-Dec-2021 09:44:15.922 INFORMACIÓN [main] org.apache.catalina.startup.VersionLoggerListener.log Nombre de la versión del servidor: Apache Tomcat/9.0.56
23-Dec-2021 09:44:15.937 INFORMACIÓN [main] org.apache.catalina.startup.VersionLoggerListener.log Server built:                      Dec 2 2021 14:30:07 UTC
23-Dec-2021 09:44:15.938 INFORMACIÓN [main] org.apache.catalina.startup.VersionLoggerListener.log Número de versión de servidor:     9.0.56.0
23-Dec-2021 09:44:15.938 INFORMACIÓN [main] org.apache.catalina.startup.VersionLoggerListener.log OS Name:                           Windows 10
23-Dec-2021 09:44:15.938 INFORMACIÓN [main] org.apache.catalina.startup.VersionLoggerListener.log Versión de Systema Operativo:      10.0
23-Dec-2021 09:44:15.938 INFORMACIÓN [main] org.apache.catalina.startup.VersionLoggerListener.log Arquitectura:                      amd64
23-Dec-2021 09:44:15.939 INFORMACIÓN [main] org.apache.catalina.startup.VersionLoggerListener.log Java Home:                         C:\Program Files\Java\jdk1.8.0_271\jre
23-Dec-2021 09:44:15.939 INFORMACIÓN [main] org.apache.catalina.startup.VersionLoggerListener.log JVM Version:                       1.8.0_271-b09
23-Dec-2021 09:44:15.939 INFORMACIÓN [main] org.apache.catalina.startup.VersionLoggerListener.log Vededor JVM:                       Oracle Corporation
23-Dec-2021 09:44:15.939 INFORMACIÓN [main] org.apache.catalina.startup.VersionLoggerListener.log CATALINA_BASE:                     C:\Users\jeiso\Documents\WEB-UFPS\apache-tomcat-9.0.56
23-Dec-2021 09:44:15.940 INFORMACIÓN [main] org.apache.catalina.startup.VersionLoggerListener.log CATALINA_HOME:                     C:\Users\jeiso\Documents\WEB-UFPS\apache-tomcat-9.0.56
23-Dec-2021 09:44:15.946 INFORMACIÓN [main] org.apache.catalina.startup.VersionLoggerListener.log Command line argument:             -Djava.util.logging.config.file=C:\Users\jeiso\Documents\WEB-UFPS\apache-tomcat-9.0.56\conf\logging.properties
23-Dec-2021 09:44:15.947 INFORMACIÓN [main] org.apache.catalina.startup.VersionLoggerListener.log Command line argument:             -Djava.util.logging.manager=org.apache.juli.ClassLoaderLogManager
23-Dec-2021 09:44:15.947 INFORMACIÓN [main] org.apache.catalina.startup.VersionLoggerListener.log Command line argument:             -Dhttp.nonProxyHosts=localhost|127.0.0.1|LAPTOP-NT3IUSD3
23-Dec-2021 09:44:15.948 INFORMACIÓN [main] org.apache.catalina.startup.VersionLoggerListener.log Command line argument:             -Djdk.tls.ephemeralDHKeySize=2048
23-Dec-2021 09:44:15.948 INFORMACIÓN [main] org.apache.catalina.startup.VersionLoggerListener.log Command line argument:             -Djava.protocol.handler.pkgs=org.apache.catalina.webresources
23-Dec-2021 09:44:15.949 INFORMACIÓN [main] org.apache.catalina.startup.VersionLoggerListener.log Command line argument:             -Dignore.endorsed.dirs=
23-Dec-2021 09:44:15.949 INFORMACIÓN [main] org.apache.catalina.startup.VersionLoggerListener.log Command line argument:             -Dcatalina.base=C:\Users\jeiso\Documents\WEB-UFPS\apache-tomcat-9.0.56
23-Dec-2021 09:44:15.949 INFORMACIÓN [main] org.apache.catalina.startup.VersionLoggerListener.log Command line argument:             -Dcatalina.home=C:\Users\jeiso\Documents\WEB-UFPS\apache-tomcat-9.0.56
23-Dec-2021 09:44:15.950 INFORMACIÓN [main] org.apache.catalina.startup.VersionLoggerListener.log Command line argument:             -Djava.io.tmpdir=C:\Users\jeiso\Documents\WEB-UFPS\apache-tomcat-9.0.56\temp
23-Dec-2021 09:44:15.978 INFORMACIÓN [main] org.apache.catalina.core.AprLifecycleListener.lifecycleEvent Cargada la biblioteca nativa APR de Apache Tomcat [1.2.31] con la versión APR [1.7.0].
23-Dec-2021 09:44:15.979 INFORMACIÓN [main] org.apache.catalina.core.AprLifecycleListener.lifecycleEvent Capacidades APR: IPv6 [true], enviar fichero [true], aceptar filtros [false], aleatorio [true], UDS [true].
23-Dec-2021 09:44:15.979 INFORMACIÓN [main] org.apache.catalina.core.AprLifecycleListener.lifecycleEvent APR/OpenSSL configuration: useAprConnector [false], useOpenSSL [true]
23-Dec-2021 09:44:16.229 INFORMACIÓN [main] org.apache.catalina.core.AprLifecycleListener.initializeSSL OpenSSL inicializado correctamente [OpenSSL 1.1.1l  24 Aug 2021]
23-Dec-2021 09:44:18.059 INFORMACIÓN [main] org.apache.coyote.AbstractProtocol.init Inicializando el manejador de protocolo ["http-nio-8080"]

23-Dec-2021 09:44:18.196 INFORMACIÓN [main] org.apache.catalina.startup.Catalina.load Server initialization in [3529] milliseconds
23-Dec-2021 09:44:18.415 INFORMACIÓN [main] org.apache.catalina.core.StandardService.startInternal Arrancando servicio [Catalina]
23-Dec-2021 09:44:18.415 INFORMACIÓN [main] org.apache.catalina.core.StandardEngine.startInternal Starting Servlet engine: [Apache Tomcat/9.0.56]
23-Dec-2021 09:44:18.473 INFORMACIÓN [main] org.apache.catalina.startup.HostConfig.deployDirectory Desplegando el directorio [C:\Users\jeiso\Documents\WEB-UFPS\apache-tomcat-9.0.56\webapps\docs] de la aplicación web
23-Dec-2021 09:44:21.037 ADVERTENCIA [main] org.apache.catalina.util.SessionIdGeneratorBase.createSecureRandom Creation of SecureRandom instance for session ID generation using [SHA1PRNG] took [709] milliseconds.
23-Dec-2021 09:44:21.150 INFORMACIÓN [main] org.apache.catalina.startup.HostConfig.deployDirectory Deployment of web application directory [C:\Users\jeiso\Documents\WEB-UFPS\apache-tomcat-9.0.56\webapps\docs] has finished in [2.678] ms
23-Dec-2021 09:44:21.151 INFORMACIÓN [main] org.apache.catalina.startup.HostConfig.deployDirectory Desplegando el directorio [C:\Users\jeiso\Documents\WEB-UFPS\apache-tomcat-9.0.56\webapps\examples] de la aplicación web
23-Dec-2021 09:44:23.926 INFORMACIÓN [main] org.apache.catalina.startup.HostConfig.deployDirectory Deployment of web application directory [C:\Users\jeiso\Documents\WEB-UFPS\apache-tomcat-9.0.56\webapps\examples] has finished in [2.774] ms
23-Dec-2021 09:44:23.927 INFORMACIÓN [main] org.apache.catalina.startup.HostConfig.deployDirectory Desplegando el directorio [C:\Users\jeiso\Documents\WEB-UFPS\apache-tomcat-9.0.56\webapps\host-manager] de la aplicación web
23-Dec-2021 09:44:24.152 INFORMACIÓN [main] org.apache.catalina.startup.HostConfig.deployDirectory Deployment of web application directory [C:\Users\jeiso\Documents\WEB-UFPS\apache-tomcat-9.0.56\webapps\host-manager] has finished in [224] ms
23-Dec-2021 09:44:24.155 INFORMACIÓN [main] org.apache.catalina.startup.HostConfig.deployDirectory Desplegando el directorio [C:\Users\jeiso\Documents\WEB-UFPS\apache-tomcat-9.0.56\webapps\manager] de la aplicación web
23-Dec-2021 09:44:24.393 INFORMACIÓN [main] org.apache.catalina.startup.HostConfig.deployDirectory Deployment of web application directory [C:\Users\jeiso\Documents\WEB-UFPS\apache-tomcat-9.0.56\webapps\manager] has finished in [238] ms
23-Dec-2021 09:44:24.394 INFORMACIÓN [main] org.apache.catalina.startup.HostConfig.deployDirectory Desplegando el directorio [C:\Users\jeiso\Documents\WEB-UFPS\apache-tomcat-9.0.56\webapps\ROOT] de la aplicación web
23-Dec-2021 09:44:24.653 INFORMACIÓN [main] org.apache.catalina.startup.HostConfig.deployDirectory Deployment of web application directory [C:\Users\jeiso\Documents\WEB-UFPS\apache-tomcat-9.0.56\webapps\ROOT] has finished in [259] ms
23-Dec-2021 09:44:24.673 INFORMACIÓN [main] org.apache.coyote.AbstractProtocol.start Starting ProtocolHandler ["http-nio-8080"]
23-Dec-2021 09:44:24.763 INFORMACIÓN [main] org.apache.catalina.startup.Catalina.start Server startup in [6565] milliseconds
23-Dec-2021 09:44:30.489 INFORMACIÓN [http-nio-8080-exec-10] org.apache.catalina.startup.HostConfig.deployDescriptor Desplieque del descriptor de configuración [C:\Users\jeiso\Documents\WEB-UFPS\apache-tomcat-9.0.56\conf\Catalina\localhost\Examen-PGWEB.xml]
23-Dec-2021 09:44:30.496 ADVERTENCIA [http-nio-8080-exec-10] org.apache.catalina.startup.HostConfig.deployDescriptor The path attribute with value [/Examen-PGWEB] in deployment descriptor [C:\Users\jeiso\Documents\WEB-UFPS\apache-tomcat-9.0.56\conf\Catalina\localhost\Examen-PGWEB.xml] has been ignored
23-Dec-2021 09:44:36.103 INFORMACIÓN [http-nio-8080-exec-10] org.apache.jasper.servlet.TldScanner.scanJars Al menos un JAR, que se ha explorado buscando TLDs, aún no contenía TLDs. Activar historial de depuración para este historiador para una completa lista de los JARs que fueron explorados y de los que nos se halló TLDs. Saltarse JARs no necesarios durante la exploración puede dar lugar a una mejora de tiempo significativa en el arranque y compilación de JSP .
23-Dec-2021 09:44:36.136 INFORMACIÓN [http-nio-8080-exec-10] org.apache.catalina.startup.HostConfig.deployDescriptor Deployment of deployment descriptor [C:\Users\jeiso\Documents\WEB-UFPS\apache-tomcat-9.0.56\conf\Catalina\localhost\Examen-PGWEB.xml] has finished in [5.647] ms
23-Dec-2021 09:44:36.156 INFORMACIÓN [http-nio-8080-exec-1] org.apache.catalina.util.LifecycleBase.start The start() method was called on component [StandardEngine[Catalina].StandardHost[localhost].StandardContext[/Examen-PGWEB]] after start() had already been called. The second call will be ignored.
23-Dec-2021 09:45:42.797 INFORMACIÓN [http-nio-8080-exec-6] org.apache.catalina.startup.HostConfig.undeploy Repliegue (undeploy) de la aplicación web que tiene como trayectoria de contexto [/Examen-PGWEB]
23-Dec-2021 09:45:57.380 INFORMACIÓN [http-nio-8080-exec-7] org.apache.catalina.startup.HostConfig.deployDescriptor Desplieque del descriptor de configuración [C:\Users\jeiso\Documents\WEB-UFPS\apache-tomcat-9.0.56\conf\Catalina\localhost\Examen-PGWEB.xml]
23-Dec-2021 09:45:57.386 ADVERTENCIA [http-nio-8080-exec-7] org.apache.catalina.startup.HostConfig.deployDescriptor The path attribute with value [/Examen-PGWEB] in deployment descriptor [C:\Users\jeiso\Documents\WEB-UFPS\apache-tomcat-9.0.56\conf\Catalina\localhost\Examen-PGWEB.xml] has been ignored
23-Dec-2021 09:46:03.560 INFORMACIÓN [http-nio-8080-exec-7] org.apache.jasper.servlet.TldScanner.scanJars Al menos un JAR, que se ha explorado buscando TLDs, aún no contenía TLDs. Activar historial de depuración para este historiador para una completa lista de los JARs que fueron explorados y de los que nos se halló TLDs. Saltarse JARs no necesarios durante la exploración puede dar lugar a una mejora de tiempo significativa en el arranque y compilación de JSP .
23-Dec-2021 09:46:03.579 INFORMACIÓN [http-nio-8080-exec-7] org.apache.catalina.startup.HostConfig.deployDescriptor Deployment of deployment descriptor [C:\Users\jeiso\Documents\WEB-UFPS\apache-tomcat-9.0.56\conf\Catalina\localhost\Examen-PGWEB.xml] has finished in [6.199] ms
23-Dec-2021 09:46:03.594 INFORMACIÓN [http-nio-8080-exec-3] org.apache.catalina.util.LifecycleBase.start The start() method was called on component [StandardEngine[Catalina].StandardHost[localhost].StandardContext[/Examen-PGWEB]] after start() had already been called. The second call will be ignored.
23-Dec-2021 09:48:36.455 INFORMACIÓN [http-nio-8080-exec-11] org.apache.catalina.core.StandardContext.reload Ha comenzado la recarga de Contexto [/Examen-PGWEB]
23-Dec-2021 09:48:44.065 INFORMACIÓN [http-nio-8080-exec-11] org.apache.jasper.servlet.TldScanner.scanJars Al menos un JAR, que se ha explorado buscando TLDs, aún no contenía TLDs. Activar historial de depuración para este historiador para una completa lista de los JARs que fueron explorados y de los que nos se halló TLDs. Saltarse JARs no necesarios durante la exploración puede dar lugar a una mejora de tiempo significativa en el arranque y compilación de JSP .
23-Dec-2021 09:48:44.082 INFORMACIÓN [http-nio-8080-exec-11] org.apache.catalina.core.StandardContext.reload Se ha completado la recarga de este Contexto
23-Dec-2021 09:49:03.726 INFORMACIÓN [http-nio-8080-exec-18] org.apache.catalina.core.StandardContext.reload Ha comenzado la recarga de Contexto [/Examen-PGWEB]
23-Dec-2021 09:49:08.902 INFORMACIÓN [http-nio-8080-exec-18] org.apache.jasper.servlet.TldScanner.scanJars Al menos un JAR, que se ha explorado buscando TLDs, aún no contenía TLDs. Activar historial de depuración para este historiador para una completa lista de los JARs que fueron explorados y de los que nos se halló TLDs. Saltarse JARs no necesarios durante la exploración puede dar lugar a una mejora de tiempo significativa en el arranque y compilación de JSP .
23-Dec-2021 09:49:08.914 INFORMACIÓN [http-nio-8080-exec-18] org.apache.catalina.core.StandardContext.reload Se ha completado la recarga de este Contexto
23-Dec-2021 09:51:09.317 INFORMACIÓN [http-nio-8080-exec-24] org.apache.catalina.core.StandardContext.reload Ha comenzado la recarga de Contexto [/Examen-PGWEB]
23-Dec-2021 09:51:16.829 INFORMACIÓN [http-nio-8080-exec-24] org.apache.jasper.servlet.TldScanner.scanJars Al menos un JAR, que se ha explorado buscando TLDs, aún no contenía TLDs. Activar historial de depuración para este historiador para una completa lista de los JARs que fueron explorados y de los que nos se halló TLDs. Saltarse JARs no necesarios durante la exploración puede dar lugar a una mejora de tiempo significativa en el arranque y compilación de JSP .
23-Dec-2021 09:51:16.839 INFORMACIÓN [http-nio-8080-exec-24] org.apache.catalina.core.StandardContext.reload Se ha completado la recarga de este Contexto
23-Dec-2021 09:51:16.959 INFORMACIÓN [http-nio-8080-exec-15] org.apache.catalina.core.StandardContext.reload Ha comenzado la recarga de Contexto [/Examen-PGWEB]
23-Dec-2021 09:51:22.595 INFORMACIÓN [http-nio-8080-exec-15] org.apache.jasper.servlet.TldScanner.scanJars Al menos un JAR, que se ha explorado buscando TLDs, aún no contenía TLDs. Activar historial de depuración para este historiador para una completa lista de los JARs que fueron explorados y de los que nos se halló TLDs. Saltarse JARs no necesarios durante la exploración puede dar lugar a una mejora de tiempo significativa en el arranque y compilación de JSP .
23-Dec-2021 09:51:22.607 INFORMACIÓN [http-nio-8080-exec-15] org.apache.catalina.core.StandardContext.reload Se ha completado la recarga de este Contexto
23-Dec-2021 09:52:39.071 INFORMACIÓN [http-nio-8080-exec-22] org.apache.catalina.core.StandardContext.reload Ha comenzado la recarga de Contexto [/Examen-PGWEB]
23-Dec-2021 09:52:46.479 INFORMACIÓN [http-nio-8080-exec-22] org.apache.jasper.servlet.TldScanner.scanJars Al menos un JAR, que se ha explorado buscando TLDs, aún no contenía TLDs. Activar historial de depuración para este historiador para una completa lista de los JARs que fueron explorados y de los que nos se halló TLDs. Saltarse JARs no necesarios durante la exploración puede dar lugar a una mejora de tiempo significativa en el arranque y compilación de JSP .
23-Dec-2021 09:52:46.491 INFORMACIÓN [http-nio-8080-exec-22] org.apache.catalina.core.StandardContext.reload Se ha completado la recarga de este Contexto
23-Dec-2021 10:03:21.656 INFORMACIÓN [http-nio-8080-exec-37] org.apache.catalina.core.StandardContext.reload Ha comenzado la recarga de Contexto [/Examen-PGWEB]
23-Dec-2021 10:03:28.611 INFORMACIÓN [http-nio-8080-exec-37] org.apache.jasper.servlet.TldScanner.scanJars Al menos un JAR, que se ha explorado buscando TLDs, aún no contenía TLDs. Activar historial de depuración para este historiador para una completa lista de los JARs que fueron explorados y de los que nos se halló TLDs. Saltarse JARs no necesarios durante la exploración puede dar lugar a una mejora de tiempo significativa en el arranque y compilación de JSP .
23-Dec-2021 10:03:28.631 INFORMACIÓN [http-nio-8080-exec-37] org.apache.catalina.core.StandardContext.reload Se ha completado la recarga de este Contexto
23-Dec-2021 10:12:59.708 INFORMACIÓN [http-nio-8080-exec-45] org.apache.catalina.core.StandardContext.reload Ha comenzado la recarga de Contexto [/Examen-PGWEB]
23-Dec-2021 10:13:06.915 INFORMACIÓN [http-nio-8080-exec-45] org.apache.jasper.servlet.TldScanner.scanJars Al menos un JAR, que se ha explorado buscando TLDs, aún no contenía TLDs. Activar historial de depuración para este historiador para una completa lista de los JARs que fueron explorados y de los que nos se halló TLDs. Saltarse JARs no necesarios durante la exploración puede dar lugar a una mejora de tiempo significativa en el arranque y compilación de JSP .
23-Dec-2021 10:13:06.923 INFORMACIÓN [http-nio-8080-exec-45] org.apache.catalina.core.StandardContext.reload Se ha completado la recarga de este Contexto
23-Dec-2021 10:13:07.022 INFORMACIÓN [http-nio-8080-exec-47] org.apache.catalina.core.StandardContext.reload Ha comenzado la recarga de Contexto [/Examen-PGWEB]
23-Dec-2021 10:13:11.755 INFORMACIÓN [http-nio-8080-exec-47] org.apache.jasper.servlet.TldScanner.scanJars Al menos un JAR, que se ha explorado buscando TLDs, aún no contenía TLDs. Activar historial de depuración para este historiador para una completa lista de los JARs que fueron explorados y de los que nos se halló TLDs. Saltarse JARs no necesarios durante la exploración puede dar lugar a una mejora de tiempo significativa en el arranque y compilación de JSP .
23-Dec-2021 10:13:11.770 INFORMACIÓN [http-nio-8080-exec-47] org.apache.catalina.core.StandardContext.reload Se ha completado la recarga de este Contexto
23-Dec-2021 10:15:15.506 INFORMACIÓN [http-nio-8080-exec-57] org.apache.catalina.core.StandardContext.reload Ha comenzado la recarga de Contexto [/Examen-PGWEB]
23-Dec-2021 10:15:19.330 INFORMACIÓN [http-nio-8080-exec-57] org.apache.jasper.servlet.TldScanner.scanJars Al menos un JAR, que se ha explorado buscando TLDs, aún no contenía TLDs. Activar historial de depuración para este historiador para una completa lista de los JARs que fueron explorados y de los que nos se halló TLDs. Saltarse JARs no necesarios durante la exploración puede dar lugar a una mejora de tiempo significativa en el arranque y compilación de JSP .
23-Dec-2021 10:15:19.335 INFORMACIÓN [http-nio-8080-exec-57] org.apache.catalina.core.StandardContext.reload Se ha completado la recarga de este Contexto
23-Dec-2021 10:15:53.677 INFORMACIÓN [http-nio-8080-exec-61] org.apache.catalina.core.StandardContext.reload Ha comenzado la recarga de Contexto [/Examen-PGWEB]
23-Dec-2021 10:15:57.953 INFORMACIÓN [http-nio-8080-exec-61] org.apache.jasper.servlet.TldScanner.scanJars Al menos un JAR, que se ha explorado buscando TLDs, aún no contenía TLDs. Activar historial de depuración para este historiador para una completa lista de los JARs que fueron explorados y de los que nos se halló TLDs. Saltarse JARs no necesarios durante la exploración puede dar lugar a una mejora de tiempo significativa en el arranque y compilación de JSP .
23-Dec-2021 10:15:57.957 INFORMACIÓN [http-nio-8080-exec-61] org.apache.catalina.core.StandardContext.reload Se ha completado la recarga de este Contexto
23-Dec-2021 10:16:35.398 INFORMACIÓN [http-nio-8080-exec-59] org.apache.catalina.core.StandardContext.reload Ha comenzado la recarga de Contexto [/Examen-PGWEB]
23-Dec-2021 10:16:38.429 INFORMACIÓN [http-nio-8080-exec-59] org.apache.jasper.servlet.TldScanner.scanJars Al menos un JAR, que se ha explorado buscando TLDs, aún no contenía TLDs. Activar historial de depuración para este historiador para una completa lista de los JARs que fueron explorados y de los que nos se halló TLDs. Saltarse JARs no necesarios durante la exploración puede dar lugar a una mejora de tiempo significativa en el arranque y compilación de JSP .
23-Dec-2021 10:16:38.432 INFORMACIÓN [http-nio-8080-exec-59] org.apache.catalina.core.StandardContext.reload Se ha completado la recarga de este Contexto
23-Dec-2021 10:16:55.347 INFORMACIÓN [http-nio-8080-exec-64] org.apache.catalina.core.StandardContext.reload Ha comenzado la recarga de Contexto [/Examen-PGWEB]
23-Dec-2021 10:16:59.311 INFORMACIÓN [http-nio-8080-exec-64] org.apache.jasper.servlet.TldScanner.scanJars Al menos un JAR, que se ha explorado buscando TLDs, aún no contenía TLDs. Activar historial de depuración para este historiador para una completa lista de los JARs que fueron explorados y de los que nos se halló TLDs. Saltarse JARs no necesarios durante la exploración puede dar lugar a una mejora de tiempo significativa en el arranque y compilación de JSP .
23-Dec-2021 10:16:59.315 INFORMACIÓN [http-nio-8080-exec-64] org.apache.catalina.core.StandardContext.reload Se ha completado la recarga de este Contexto
23-Dec-2021 10:17:34.332 INFORMACIÓN [http-nio-8080-exec-52] org.apache.catalina.core.StandardContext.reload Ha comenzado la recarga de Contexto [/Examen-PGWEB]
23-Dec-2021 10:17:37.899 INFORMACIÓN [http-nio-8080-exec-52] org.apache.jasper.servlet.TldScanner.scanJars Al menos un JAR, que se ha explorado buscando TLDs, aún no contenía TLDs. Activar historial de depuración para este historiador para una completa lista de los JARs que fueron explorados y de los que nos se halló TLDs. Saltarse JARs no necesarios durante la exploración puede dar lugar a una mejora de tiempo significativa en el arranque y compilación de JSP .
23-Dec-2021 10:17:37.903 INFORMACIÓN [http-nio-8080-exec-52] org.apache.catalina.core.StandardContext.reload Se ha completado la recarga de este Contexto
23-Dec-2021 10:17:50.810 INFORMACIÓN [http-nio-8080-exec-58] org.apache.catalina.core.StandardContext.reload Ha comenzado la recarga de Contexto [/Examen-PGWEB]
23-Dec-2021 10:17:54.819 INFORMACIÓN [http-nio-8080-exec-58] org.apache.jasper.servlet.TldScanner.scanJars Al menos un JAR, que se ha explorado buscando TLDs, aún no contenía TLDs. Activar historial de depuración para este historiador para una completa lista de los JARs que fueron explorados y de los que nos se halló TLDs. Saltarse JARs no necesarios durante la exploración puede dar lugar a una mejora de tiempo significativa en el arranque y compilación de JSP .
23-Dec-2021 10:17:54.824 INFORMACIÓN [http-nio-8080-exec-58] org.apache.catalina.core.StandardContext.reload Se ha completado la recarga de este Contexto
23-Dec-2021 10:20:34.844 INFORMACIÓN [http-nio-8080-exec-77] org.apache.catalina.core.StandardContext.reload Ha comenzado la recarga de Contexto [/Examen-PGWEB]
23-Dec-2021 10:20:42.601 INFORMACIÓN [http-nio-8080-exec-77] org.apache.jasper.servlet.TldScanner.scanJars Al menos un JAR, que se ha explorado buscando TLDs, aún no contenía TLDs. Activar historial de depuración para este historiador para una completa lista de los JARs que fueron explorados y de los que nos se halló TLDs. Saltarse JARs no necesarios durante la exploración puede dar lugar a una mejora de tiempo significativa en el arranque y compilación de JSP .
23-Dec-2021 10:20:42.611 INFORMACIÓN [http-nio-8080-exec-77] org.apache.catalina.core.StandardContext.reload Se ha completado la recarga de este Contexto
23-Dec-2021 10:23:23.735 INFORMACIÓN [http-nio-8080-exec-80] org.apache.catalina.core.StandardContext.reload Ha comenzado la recarga de Contexto [/Examen-PGWEB]
23-Dec-2021 10:23:30.138 INFORMACIÓN [http-nio-8080-exec-80] org.apache.jasper.servlet.TldScanner.scanJars Al menos un JAR, que se ha explorado buscando TLDs, aún no contenía TLDs. Activar historial de depuración para este historiador para una completa lista de los JARs que fueron explorados y de los que nos se halló TLDs. Saltarse JARs no necesarios durante la exploración puede dar lugar a una mejora de tiempo significativa en el arranque y compilación de JSP .
23-Dec-2021 10:23:30.153 INFORMACIÓN [http-nio-8080-exec-80] org.apache.catalina.core.StandardContext.reload Se ha completado la recarga de este Contexto
23-Dec-2021 10:24:49.447 INFORMACIÓN [http-nio-8080-exec-83] org.apache.catalina.startup.HostConfig.undeploy Repliegue (undeploy) de la aplicación web que tiene como trayectoria de contexto [/Examen-PGWEB]
23-Dec-2021 10:25:16.410 INFORMACIÓN [http-nio-8080-exec-88] org.apache.catalina.startup.HostConfig.deployDescriptor Desplieque del descriptor de configuración [C:\Users\jeiso\Documents\WEB-UFPS\apache-tomcat-9.0.56\conf\Catalina\localhost\Examen-PGWEB.xml]
23-Dec-2021 10:25:16.418 ADVERTENCIA [http-nio-8080-exec-88] org.apache.catalina.startup.HostConfig.deployDescriptor The path attribute with value [/Examen-PGWEB] in deployment descriptor [C:\Users\jeiso\Documents\WEB-UFPS\apache-tomcat-9.0.56\conf\Catalina\localhost\Examen-PGWEB.xml] has been ignored
23-Dec-2021 10:25:21.347 INFORMACIÓN [http-nio-8080-exec-88] org.apache.jasper.servlet.TldScanner.scanJars Al menos un JAR, que se ha explorado buscando TLDs, aún no contenía TLDs. Activar historial de depuración para este historiador para una completa lista de los JARs que fueron explorados y de los que nos se halló TLDs. Saltarse JARs no necesarios durante la exploración puede dar lugar a una mejora de tiempo significativa en el arranque y compilación de JSP .
23-Dec-2021 10:25:21.362 INFORMACIÓN [http-nio-8080-exec-88] org.apache.catalina.startup.HostConfig.deployDescriptor Deployment of deployment descriptor [C:\Users\jeiso\Documents\WEB-UFPS\apache-tomcat-9.0.56\conf\Catalina\localhost\Examen-PGWEB.xml] has finished in [4.951] ms
23-Dec-2021 10:25:21.379 INFORMACIÓN [http-nio-8080-exec-83] org.apache.catalina.util.LifecycleBase.start The start() method was called on component [StandardEngine[Catalina].StandardHost[localhost].StandardContext[/Examen-PGWEB]] after start() had already been called. The second call will be ignored.
23-Dec-2021 10:27:33.465 INFORMACIÓN [main] org.apache.catalina.core.StandardServer.await Se ha recibido un comando de apagado a través del puerto de apagado. Parando la instancia del Servidor.
23-Dec-2021 10:27:33.465 INFORMACIÓN [main] org.apache.coyote.AbstractProtocol.pause Pausing ProtocolHandler ["http-nio-8080"]
23-Dec-2021 10:27:33.682 INFORMACIÓN [main] org.apache.catalina.core.StandardService.stopInternal Parando servicio [Catalina]
23-Dec-2021 10:27:33.705 ADVERTENCIA [main] org.apache.catalina.loader.WebappClassLoaderBase.clearReferencesJdbc La aplicación web [Examen-PGWEB] registró el conductor JDBC [com.mysql.jdbc.Driver] pero falló al anular el registro mientras la aplicación web estaba parada. Para prevenir un fallo de memoria, se ha anulado el registro del conductor JDBC por la fuerza.
23-Dec-2021 10:27:33.711 INFORMACIÓN [main] org.apache.coyote.AbstractProtocol.stop Stopping ProtocolHandler ["http-nio-8080"]
23-Dec-2021 10:27:33.726 INFORMACIÓN [main] org.apache.coyote.AbstractProtocol.destroy Destroying ProtocolHandler ["http-nio-8080"]
