21-Dec-2021 18:37:40.019 INFORMACIÓN [main] org.apache.catalina.startup.VersionLoggerListener.log Nombre de la versión del servidor: Apache Tomcat/9.0.56
21-Dec-2021 18:37:40.023 INFORMACIÓN [main] org.apache.catalina.startup.VersionLoggerListener.log Server built:                      Dec 2 2021 14:30:07 UTC
21-Dec-2021 18:37:40.023 INFORMACIÓN [main] org.apache.catalina.startup.VersionLoggerListener.log Número de versión de servidor:     9.0.56.0
21-Dec-2021 18:37:40.023 INFORMACIÓN [main] org.apache.catalina.startup.VersionLoggerListener.log OS Name:                           Windows 10
21-Dec-2021 18:37:40.023 INFORMACIÓN [main] org.apache.catalina.startup.VersionLoggerListener.log Versión de Systema Operativo:      10.0
21-Dec-2021 18:37:40.023 INFORMACIÓN [main] org.apache.catalina.startup.VersionLoggerListener.log Arquitectura:                      amd64
21-Dec-2021 18:37:40.023 INFORMACIÓN [main] org.apache.catalina.startup.VersionLoggerListener.log Java Home:                         C:\Program Files\Java\jdk1.8.0_271\jre
21-Dec-2021 18:37:40.023 INFORMACIÓN [main] org.apache.catalina.startup.VersionLoggerListener.log JVM Version:                       1.8.0_271-b09
21-Dec-2021 18:37:40.023 INFORMACIÓN [main] org.apache.catalina.startup.VersionLoggerListener.log Vededor JVM:                       Oracle Corporation
21-Dec-2021 18:37:40.023 INFORMACIÓN [main] org.apache.catalina.startup.VersionLoggerListener.log CATALINA_BASE:                     C:\Users\jeiso\Documents\WEB-UFPS\apache-tomcat-9.0.56
21-Dec-2021 18:37:40.023 INFORMACIÓN [main] org.apache.catalina.startup.VersionLoggerListener.log CATALINA_HOME:                     C:\Users\jeiso\Documents\WEB-UFPS\apache-tomcat-9.0.56
21-Dec-2021 18:37:40.027 INFORMACIÓN [main] org.apache.catalina.startup.VersionLoggerListener.log Command line argument:             -Djava.util.logging.config.file=C:\Users\jeiso\Documents\WEB-UFPS\apache-tomcat-9.0.56\conf\logging.properties
21-Dec-2021 18:37:40.027 INFORMACIÓN [main] org.apache.catalina.startup.VersionLoggerListener.log Command line argument:             -Djava.util.logging.manager=org.apache.juli.ClassLoaderLogManager
21-Dec-2021 18:37:40.027 INFORMACIÓN [main] org.apache.catalina.startup.VersionLoggerListener.log Command line argument:             -Dhttp.nonProxyHosts=localhost|127.0.0.1|LAPTOP-NT3IUSD3
21-Dec-2021 18:37:40.027 INFORMACIÓN [main] org.apache.catalina.startup.VersionLoggerListener.log Command line argument:             -Djdk.tls.ephemeralDHKeySize=2048
21-Dec-2021 18:37:40.027 INFORMACIÓN [main] org.apache.catalina.startup.VersionLoggerListener.log Command line argument:             -Djava.protocol.handler.pkgs=org.apache.catalina.webresources
21-Dec-2021 18:37:40.027 INFORMACIÓN [main] org.apache.catalina.startup.VersionLoggerListener.log Command line argument:             -Dignore.endorsed.dirs=
21-Dec-2021 18:37:40.027 INFORMACIÓN [main] org.apache.catalina.startup.VersionLoggerListener.log Command line argument:             -Dcatalina.base=C:\Users\jeiso\Documents\WEB-UFPS\apache-tomcat-9.0.56
21-Dec-2021 18:37:40.031 INFORMACIÓN [main] org.apache.catalina.startup.VersionLoggerListener.log Command line argument:             -Dcatalina.home=C:\Users\jeiso\Documents\WEB-UFPS\apache-tomcat-9.0.56
21-Dec-2021 18:37:40.031 INFORMACIÓN [main] org.apache.catalina.startup.VersionLoggerListener.log Command line argument:             -Djava.io.tmpdir=C:\Users\jeiso\Documents\WEB-UFPS\apache-tomcat-9.0.56\temp
21-Dec-2021 18:37:40.042 INFORMACIÓN [main] org.apache.catalina.core.AprLifecycleListener.lifecycleEvent Cargada la biblioteca nativa APR de Apache Tomcat [1.2.31] con la versión APR [1.7.0].
21-Dec-2021 18:37:40.042 INFORMACIÓN [main] org.apache.catalina.core.AprLifecycleListener.lifecycleEvent Capacidades APR: IPv6 [true], enviar fichero [true], aceptar filtros [false], aleatorio [true], UDS [true].
21-Dec-2021 18:37:40.042 INFORMACIÓN [main] org.apache.catalina.core.AprLifecycleListener.lifecycleEvent APR/OpenSSL configuration: useAprConnector [false], useOpenSSL [true]
21-Dec-2021 18:37:40.154 INFORMACIÓN [main] org.apache.catalina.core.AprLifecycleListener.initializeSSL OpenSSL inicializado correctamente [OpenSSL 1.1.1l  24 Aug 2021]
21-Dec-2021 18:37:40.637 INFORMACIÓN [main] org.apache.coyote.AbstractProtocol.init Inicializando el manejador de protocolo ["http-nio-8080"]

21-Dec-2021 18:37:40.675 INFORMACIÓN [main] org.apache.catalina.startup.Catalina.load Server initialization in [930] milliseconds
21-Dec-2021 18:37:40.722 INFORMACIÓN [main] org.apache.catalina.core.StandardService.startInternal Arrancando servicio [Catalina]
21-Dec-2021 18:37:40.722 INFORMACIÓN [main] org.apache.catalina.core.StandardEngine.startInternal Starting Servlet engine: [Apache Tomcat/9.0.56]
21-Dec-2021 18:37:40.734 INFORMACIÓN [main] org.apache.catalina.startup.HostConfig.deployDirectory Desplegando el directorio [C:\Users\jeiso\Documents\WEB-UFPS\apache-tomcat-9.0.56\webapps\docs] de la aplicación web
21-Dec-2021 18:37:41.258 ADVERTENCIA [main] org.apache.catalina.util.SessionIdGeneratorBase.createSecureRandom Creation of SecureRandom instance for session ID generation using [SHA1PRNG] took [197] milliseconds.
21-Dec-2021 18:37:41.287 INFORMACIÓN [main] org.apache.catalina.startup.HostConfig.deployDirectory Deployment of web application directory [C:\Users\jeiso\Documents\WEB-UFPS\apache-tomcat-9.0.56\webapps\docs] has finished in [553] ms
21-Dec-2021 18:37:41.287 INFORMACIÓN [main] org.apache.catalina.startup.HostConfig.deployDirectory Desplegando el directorio [C:\Users\jeiso\Documents\WEB-UFPS\apache-tomcat-9.0.56\webapps\examples] de la aplicación web
21-Dec-2021 18:37:41.843 INFORMACIÓN [main] org.apache.catalina.startup.HostConfig.deployDirectory Deployment of web application directory [C:\Users\jeiso\Documents\WEB-UFPS\apache-tomcat-9.0.56\webapps\examples] has finished in [556] ms
21-Dec-2021 18:37:41.847 INFORMACIÓN [main] org.apache.catalina.startup.HostConfig.deployDirectory Desplegando el directorio [C:\Users\jeiso\Documents\WEB-UFPS\apache-tomcat-9.0.56\webapps\host-manager] de la aplicación web
21-Dec-2021 18:37:41.891 INFORMACIÓN [main] org.apache.catalina.startup.HostConfig.deployDirectory Deployment of web application directory [C:\Users\jeiso\Documents\WEB-UFPS\apache-tomcat-9.0.56\webapps\host-manager] has finished in [44] ms
21-Dec-2021 18:37:41.891 INFORMACIÓN [main] org.apache.catalina.startup.HostConfig.deployDirectory Desplegando el directorio [C:\Users\jeiso\Documents\WEB-UFPS\apache-tomcat-9.0.56\webapps\manager] de la aplicación web
21-Dec-2021 18:37:41.939 INFORMACIÓN [main] org.apache.catalina.startup.HostConfig.deployDirectory Deployment of web application directory [C:\Users\jeiso\Documents\WEB-UFPS\apache-tomcat-9.0.56\webapps\manager] has finished in [44] ms
21-Dec-2021 18:37:41.939 INFORMACIÓN [main] org.apache.catalina.startup.HostConfig.deployDirectory Desplegando el directorio [C:\Users\jeiso\Documents\WEB-UFPS\apache-tomcat-9.0.56\webapps\ROOT] de la aplicación web
21-Dec-2021 18:37:41.975 INFORMACIÓN [main] org.apache.catalina.startup.HostConfig.deployDirectory Deployment of web application directory [C:\Users\jeiso\Documents\WEB-UFPS\apache-tomcat-9.0.56\webapps\ROOT] has finished in [36] ms
21-Dec-2021 18:37:41.995 INFORMACIÓN [main] org.apache.coyote.AbstractProtocol.start Starting ProtocolHandler ["http-nio-8080"]
21-Dec-2021 18:37:42.024 INFORMACIÓN [main] org.apache.catalina.startup.Catalina.start Server startup in [1351] milliseconds
21-Dec-2021 18:38:50.712 ADVERTENCIA [http-nio-8080-exec-6] org.apache.catalina.realm.LockOutRealm.filterLockedAccounts Se ha intentado autenticar al usuario bloqueado []
21-Dec-2021 18:39:38.958 ADVERTENCIA [http-nio-8080-exec-8] org.apache.catalina.realm.LockOutRealm.filterLockedAccounts Se ha intentado autenticar al usuario bloqueado [admin]
21-Dec-2021 18:39:39.233 ADVERTENCIA [http-nio-8080-exec-9] org.apache.catalina.realm.LockOutRealm.filterLockedAccounts Se ha intentado autenticar al usuario bloqueado [admin]
21-Dec-2021 18:39:39.616 ADVERTENCIA [http-nio-8080-exec-1] org.apache.catalina.realm.LockOutRealm.filterLockedAccounts Se ha intentado autenticar al usuario bloqueado [admin]
21-Dec-2021 18:42:46.470 ADVERTENCIA [http-nio-8080-exec-4] org.apache.catalina.realm.LockOutRealm.filterLockedAccounts Se ha intentado autenticar al usuario bloqueado [admin]
21-Dec-2021 18:42:49.312 ADVERTENCIA [http-nio-8080-exec-6] org.apache.catalina.realm.LockOutRealm.filterLockedAccounts Se ha intentado autenticar al usuario bloqueado [admin]
21-Dec-2021 18:43:22.543 ADVERTENCIA [http-nio-8080-exec-6] org.apache.catalina.realm.LockOutRealm.filterLockedAccounts Se ha intentado autenticar al usuario bloqueado [admin]
21-Dec-2021 18:43:23.232 ADVERTENCIA [http-nio-8080-exec-7] org.apache.catalina.realm.LockOutRealm.filterLockedAccounts Se ha intentado autenticar al usuario bloqueado [admin]
21-Dec-2021 18:43:23.760 ADVERTENCIA [http-nio-8080-exec-9] org.apache.catalina.realm.LockOutRealm.filterLockedAccounts Se ha intentado autenticar al usuario bloqueado [admin]
21-Dec-2021 18:43:24.047 ADVERTENCIA [http-nio-8080-exec-2] org.apache.catalina.realm.LockOutRealm.filterLockedAccounts Se ha intentado autenticar al usuario bloqueado [admin]
21-Dec-2021 18:43:24.215 ADVERTENCIA [http-nio-8080-exec-4] org.apache.catalina.realm.LockOutRealm.filterLockedAccounts Se ha intentado autenticar al usuario bloqueado [admin]
21-Dec-2021 18:43:24.438 ADVERTENCIA [http-nio-8080-exec-6] org.apache.catalina.realm.LockOutRealm.filterLockedAccounts Se ha intentado autenticar al usuario bloqueado [admin]
21-Dec-2021 18:43:24.623 ADVERTENCIA [http-nio-8080-exec-7] org.apache.catalina.realm.LockOutRealm.filterLockedAccounts Se ha intentado autenticar al usuario bloqueado [admin]
21-Dec-2021 18:43:24.798 ADVERTENCIA [http-nio-8080-exec-9] org.apache.catalina.realm.LockOutRealm.filterLockedAccounts Se ha intentado autenticar al usuario bloqueado [admin]
21-Dec-2021 18:43:24.982 ADVERTENCIA [http-nio-8080-exec-2] org.apache.catalina.realm.LockOutRealm.filterLockedAccounts Se ha intentado autenticar al usuario bloqueado [admin]
21-Dec-2021 18:43:25.160 ADVERTENCIA [http-nio-8080-exec-4] org.apache.catalina.realm.LockOutRealm.filterLockedAccounts Se ha intentado autenticar al usuario bloqueado [admin]
21-Dec-2021 18:43:25.311 ADVERTENCIA [http-nio-8080-exec-6] org.apache.catalina.realm.LockOutRealm.filterLockedAccounts Se ha intentado autenticar al usuario bloqueado [admin]
21-Dec-2021 18:43:25.470 ADVERTENCIA [http-nio-8080-exec-7] org.apache.catalina.realm.LockOutRealm.filterLockedAccounts Se ha intentado autenticar al usuario bloqueado [admin]
21-Dec-2021 18:43:25.624 ADVERTENCIA [http-nio-8080-exec-9] org.apache.catalina.realm.LockOutRealm.filterLockedAccounts Se ha intentado autenticar al usuario bloqueado [admin]
21-Dec-2021 18:43:25.775 ADVERTENCIA [http-nio-8080-exec-2] org.apache.catalina.realm.LockOutRealm.filterLockedAccounts Se ha intentado autenticar al usuario bloqueado [admin]
21-Dec-2021 18:43:25.944 ADVERTENCIA [http-nio-8080-exec-4] org.apache.catalina.realm.LockOutRealm.filterLockedAccounts Se ha intentado autenticar al usuario bloqueado [admin]
21-Dec-2021 18:43:26.095 ADVERTENCIA [http-nio-8080-exec-6] org.apache.catalina.realm.LockOutRealm.filterLockedAccounts Se ha intentado autenticar al usuario bloqueado [admin]
21-Dec-2021 18:43:26.249 ADVERTENCIA [http-nio-8080-exec-7] org.apache.catalina.realm.LockOutRealm.filterLockedAccounts Se ha intentado autenticar al usuario bloqueado [admin]
21-Dec-2021 18:43:52.207 ADVERTENCIA [http-nio-8080-exec-6] org.apache.catalina.realm.LockOutRealm.filterLockedAccounts Se ha intentado autenticar al usuario bloqueado [admin]
21-Dec-2021 18:43:55.992 ADVERTENCIA [http-nio-8080-exec-7] org.apache.catalina.realm.LockOutRealm.filterLockedAccounts Se ha intentado autenticar al usuario bloqueado [admin]
21-Dec-2021 18:46:58.060 ADVERTENCIA [http-nio-8080-exec-10] org.apache.catalina.realm.LockOutRealm.filterLockedAccounts Se ha intentado autenticar al usuario bloqueado []
21-Dec-2021 18:46:58.064 ADVERTENCIA [http-nio-8080-exec-9] org.apache.catalina.realm.LockOutRealm.filterLockedAccounts Se ha intentado autenticar al usuario bloqueado []
21-Dec-2021 18:47:22.150 ADVERTENCIA [http-nio-8080-exec-7] org.apache.catalina.realm.LockOutRealm.filterLockedAccounts Se ha intentado autenticar al usuario bloqueado [admin]
21-Dec-2021 18:48:21.455 ADVERTENCIA [http-nio-8080-exec-6] org.apache.catalina.realm.LockOutRealm.filterLockedAccounts Se ha intentado autenticar al usuario bloqueado [admin]
21-Dec-2021 18:48:22.835 INFORMACIÓN [main] org.apache.catalina.core.StandardServer.await Se ha recibido un comando de apagado a través del puerto de apagado. Parando la instancia del Servidor.
21-Dec-2021 18:48:22.835 INFORMACIÓN [main] org.apache.coyote.AbstractProtocol.pause Pausing ProtocolHandler ["http-nio-8080"]
21-Dec-2021 18:48:23.035 INFORMACIÓN [main] org.apache.catalina.core.StandardService.stopInternal Parando servicio [Catalina]
21-Dec-2021 18:48:23.060 INFORMACIÓN [main] org.apache.coyote.AbstractProtocol.stop Stopping ProtocolHandler ["http-nio-8080"]
21-Dec-2021 18:48:23.068 INFORMACIÓN [main] org.apache.coyote.AbstractProtocol.destroy Destroying ProtocolHandler ["http-nio-8080"]
21-Dec-2021 18:48:57.448 INFORMACIÓN [main] org.apache.catalina.startup.VersionLoggerListener.log Nombre de la versión del servidor: Apache Tomcat/9.0.56
21-Dec-2021 18:48:57.452 INFORMACIÓN [main] org.apache.catalina.startup.VersionLoggerListener.log Server built:                      Dec 2 2021 14:30:07 UTC
21-Dec-2021 18:48:57.452 INFORMACIÓN [main] org.apache.catalina.startup.VersionLoggerListener.log Número de versión de servidor:     9.0.56.0
21-Dec-2021 18:48:57.452 INFORMACIÓN [main] org.apache.catalina.startup.VersionLoggerListener.log OS Name:                           Windows 10
21-Dec-2021 18:48:57.452 INFORMACIÓN [main] org.apache.catalina.startup.VersionLoggerListener.log Versión de Systema Operativo:      10.0
21-Dec-2021 18:48:57.452 INFORMACIÓN [main] org.apache.catalina.startup.VersionLoggerListener.log Arquitectura:                      amd64
21-Dec-2021 18:48:57.452 INFORMACIÓN [main] org.apache.catalina.startup.VersionLoggerListener.log Java Home:                         C:\Program Files\Java\jdk1.8.0_271\jre
21-Dec-2021 18:48:57.452 INFORMACIÓN [main] org.apache.catalina.startup.VersionLoggerListener.log JVM Version:                       1.8.0_271-b09
21-Dec-2021 18:48:57.452 INFORMACIÓN [main] org.apache.catalina.startup.VersionLoggerListener.log Vededor JVM:                       Oracle Corporation
21-Dec-2021 18:48:57.452 INFORMACIÓN [main] org.apache.catalina.startup.VersionLoggerListener.log CATALINA_BASE:                     C:\Users\jeiso\Documents\WEB-UFPS\apache-tomcat-9.0.56
21-Dec-2021 18:48:57.452 INFORMACIÓN [main] org.apache.catalina.startup.VersionLoggerListener.log CATALINA_HOME:                     C:\Users\jeiso\Documents\WEB-UFPS\apache-tomcat-9.0.56
21-Dec-2021 18:48:57.452 INFORMACIÓN [main] org.apache.catalina.startup.VersionLoggerListener.log Command line argument:             -Djava.util.logging.config.file=C:\Users\jeiso\Documents\WEB-UFPS\apache-tomcat-9.0.56\conf\logging.properties
21-Dec-2021 18:48:57.452 INFORMACIÓN [main] org.apache.catalina.startup.VersionLoggerListener.log Command line argument:             -Djava.util.logging.manager=org.apache.juli.ClassLoaderLogManager
21-Dec-2021 18:48:57.452 INFORMACIÓN [main] org.apache.catalina.startup.VersionLoggerListener.log Command line argument:             -Dhttp.nonProxyHosts=localhost|127.0.0.1|LAPTOP-NT3IUSD3
21-Dec-2021 18:48:57.452 INFORMACIÓN [main] org.apache.catalina.startup.VersionLoggerListener.log Command line argument:             -Djdk.tls.ephemeralDHKeySize=2048
21-Dec-2021 18:48:57.452 INFORMACIÓN [main] org.apache.catalina.startup.VersionLoggerListener.log Command line argument:             -Djava.protocol.handler.pkgs=org.apache.catalina.webresources
21-Dec-2021 18:48:57.452 INFORMACIÓN [main] org.apache.catalina.startup.VersionLoggerListener.log Command line argument:             -Dignore.endorsed.dirs=
21-Dec-2021 18:48:57.452 INFORMACIÓN [main] org.apache.catalina.startup.VersionLoggerListener.log Command line argument:             -Dcatalina.base=C:\Users\jeiso\Documents\WEB-UFPS\apache-tomcat-9.0.56
21-Dec-2021 18:48:57.452 INFORMACIÓN [main] org.apache.catalina.startup.VersionLoggerListener.log Command line argument:             -Dcatalina.home=C:\Users\jeiso\Documents\WEB-UFPS\apache-tomcat-9.0.56
21-Dec-2021 18:48:57.452 INFORMACIÓN [main] org.apache.catalina.startup.VersionLoggerListener.log Command line argument:             -Djava.io.tmpdir=C:\Users\jeiso\Documents\WEB-UFPS\apache-tomcat-9.0.56\temp
21-Dec-2021 18:48:57.460 INFORMACIÓN [main] org.apache.catalina.core.AprLifecycleListener.lifecycleEvent Cargada la biblioteca nativa APR de Apache Tomcat [1.2.31] con la versión APR [1.7.0].
21-Dec-2021 18:48:57.460 INFORMACIÓN [main] org.apache.catalina.core.AprLifecycleListener.lifecycleEvent Capacidades APR: IPv6 [true], enviar fichero [true], aceptar filtros [false], aleatorio [true], UDS [true].
21-Dec-2021 18:48:57.460 INFORMACIÓN [main] org.apache.catalina.core.AprLifecycleListener.lifecycleEvent APR/OpenSSL configuration: useAprConnector [false], useOpenSSL [true]
21-Dec-2021 18:48:57.560 INFORMACIÓN [main] org.apache.catalina.core.AprLifecycleListener.initializeSSL OpenSSL inicializado correctamente [OpenSSL 1.1.1l  24 Aug 2021]
21-Dec-2021 18:48:57.940 INFORMACIÓN [main] org.apache.coyote.AbstractProtocol.init Inicializando el manejador de protocolo ["http-nio-8080"]

21-Dec-2021 18:48:57.968 INFORMACIÓN [main] org.apache.catalina.startup.Catalina.load Server initialization in [730] milliseconds
21-Dec-2021 18:48:58.004 INFORMACIÓN [main] org.apache.catalina.core.StandardService.startInternal Arrancando servicio [Catalina]
21-Dec-2021 18:48:58.004 INFORMACIÓN [main] org.apache.catalina.core.StandardEngine.startInternal Starting Servlet engine: [Apache Tomcat/9.0.56]
21-Dec-2021 18:48:58.018 INFORMACIÓN [main] org.apache.catalina.startup.HostConfig.deployDirectory Desplegando el directorio [C:\Users\jeiso\Documents\WEB-UFPS\apache-tomcat-9.0.56\webapps\docs] de la aplicación web
21-Dec-2021 18:48:58.474 ADVERTENCIA [main] org.apache.catalina.util.SessionIdGeneratorBase.createSecureRandom Creation of SecureRandom instance for session ID generation using [SHA1PRNG] took [172] milliseconds.
21-Dec-2021 18:48:58.494 INFORMACIÓN [main] org.apache.catalina.startup.HostConfig.deployDirectory Deployment of web application directory [C:\Users\jeiso\Documents\WEB-UFPS\apache-tomcat-9.0.56\webapps\docs] has finished in [476] ms
21-Dec-2021 18:48:58.494 INFORMACIÓN [main] org.apache.catalina.startup.HostConfig.deployDirectory Desplegando el directorio [C:\Users\jeiso\Documents\WEB-UFPS\apache-tomcat-9.0.56\webapps\examples] de la aplicación web
21-Dec-2021 18:48:58.945 INFORMACIÓN [main] org.apache.catalina.startup.HostConfig.deployDirectory Deployment of web application directory [C:\Users\jeiso\Documents\WEB-UFPS\apache-tomcat-9.0.56\webapps\examples] has finished in [451] ms
21-Dec-2021 18:48:58.945 INFORMACIÓN [main] org.apache.catalina.startup.HostConfig.deployDirectory Desplegando el directorio [C:\Users\jeiso\Documents\WEB-UFPS\apache-tomcat-9.0.56\webapps\host-manager] de la aplicación web
21-Dec-2021 18:48:58.985 INFORMACIÓN [main] org.apache.catalina.startup.HostConfig.deployDirectory Deployment of web application directory [C:\Users\jeiso\Documents\WEB-UFPS\apache-tomcat-9.0.56\webapps\host-manager] has finished in [40] ms
21-Dec-2021 18:48:58.985 INFORMACIÓN [main] org.apache.catalina.startup.HostConfig.deployDirectory Desplegando el directorio [C:\Users\jeiso\Documents\WEB-UFPS\apache-tomcat-9.0.56\webapps\manager] de la aplicación web
21-Dec-2021 18:48:59.021 INFORMACIÓN [main] org.apache.catalina.startup.HostConfig.deployDirectory Deployment of web application directory [C:\Users\jeiso\Documents\WEB-UFPS\apache-tomcat-9.0.56\webapps\manager] has finished in [36] ms
21-Dec-2021 18:48:59.025 INFORMACIÓN [main] org.apache.catalina.startup.HostConfig.deployDirectory Desplegando el directorio [C:\Users\jeiso\Documents\WEB-UFPS\apache-tomcat-9.0.56\webapps\ROOT] de la aplicación web
21-Dec-2021 18:48:59.057 INFORMACIÓN [main] org.apache.catalina.startup.HostConfig.deployDirectory Deployment of web application directory [C:\Users\jeiso\Documents\WEB-UFPS\apache-tomcat-9.0.56\webapps\ROOT] has finished in [32] ms
21-Dec-2021 18:48:59.061 INFORMACIÓN [main] org.apache.coyote.AbstractProtocol.start Starting ProtocolHandler ["http-nio-8080"]
21-Dec-2021 18:48:59.085 INFORMACIÓN [main] org.apache.catalina.startup.Catalina.start Server startup in [1117] milliseconds
21-Dec-2021 18:50:28.738 INFORMACIÓN [main] org.apache.catalina.core.StandardServer.await Se ha recibido un comando de apagado a través del puerto de apagado. Parando la instancia del Servidor.
21-Dec-2021 18:50:28.738 INFORMACIÓN [main] org.apache.coyote.AbstractProtocol.pause Pausing ProtocolHandler ["http-nio-8080"]
21-Dec-2021 18:50:28.913 INFORMACIÓN [main] org.apache.catalina.core.StandardService.stopInternal Parando servicio [Catalina]
21-Dec-2021 18:50:28.933 INFORMACIÓN [main] org.apache.coyote.AbstractProtocol.stop Stopping ProtocolHandler ["http-nio-8080"]
21-Dec-2021 18:50:28.946 INFORMACIÓN [main] org.apache.coyote.AbstractProtocol.destroy Destroying ProtocolHandler ["http-nio-8080"]
21-Dec-2021 18:51:14.761 INFORMACIÓN [main] org.apache.catalina.startup.VersionLoggerListener.log Nombre de la versión del servidor: Apache Tomcat/9.0.56
21-Dec-2021 18:51:14.764 INFORMACIÓN [main] org.apache.catalina.startup.VersionLoggerListener.log Server built:                      Dec 2 2021 14:30:07 UTC
21-Dec-2021 18:51:14.764 INFORMACIÓN [main] org.apache.catalina.startup.VersionLoggerListener.log Número de versión de servidor:     9.0.56.0
21-Dec-2021 18:51:14.764 INFORMACIÓN [main] org.apache.catalina.startup.VersionLoggerListener.log OS Name:                           Windows 10
21-Dec-2021 18:51:14.764 INFORMACIÓN [main] org.apache.catalina.startup.VersionLoggerListener.log Versión de Systema Operativo:      10.0
21-Dec-2021 18:51:14.764 INFORMACIÓN [main] org.apache.catalina.startup.VersionLoggerListener.log Arquitectura:                      amd64
21-Dec-2021 18:51:14.764 INFORMACIÓN [main] org.apache.catalina.startup.VersionLoggerListener.log Java Home:                         C:\Program Files\Java\jdk1.8.0_271\jre
21-Dec-2021 18:51:14.764 INFORMACIÓN [main] org.apache.catalina.startup.VersionLoggerListener.log JVM Version:                       1.8.0_271-b09
21-Dec-2021 18:51:14.764 INFORMACIÓN [main] org.apache.catalina.startup.VersionLoggerListener.log Vededor JVM:                       Oracle Corporation
21-Dec-2021 18:51:14.764 INFORMACIÓN [main] org.apache.catalina.startup.VersionLoggerListener.log CATALINA_BASE:                     C:\Users\jeiso\Documents\WEB-UFPS\apache-tomcat-9.0.56
21-Dec-2021 18:51:14.765 INFORMACIÓN [main] org.apache.catalina.startup.VersionLoggerListener.log CATALINA_HOME:                     C:\Users\jeiso\Documents\WEB-UFPS\apache-tomcat-9.0.56
21-Dec-2021 18:51:14.767 INFORMACIÓN [main] org.apache.catalina.startup.VersionLoggerListener.log Command line argument:             -Djava.util.logging.config.file=C:\Users\jeiso\Documents\WEB-UFPS\apache-tomcat-9.0.56\conf\logging.properties
21-Dec-2021 18:51:14.767 INFORMACIÓN [main] org.apache.catalina.startup.VersionLoggerListener.log Command line argument:             -Djava.util.logging.manager=org.apache.juli.ClassLoaderLogManager
21-Dec-2021 18:51:14.767 INFORMACIÓN [main] org.apache.catalina.startup.VersionLoggerListener.log Command line argument:             -Dhttp.nonProxyHosts=localhost|127.0.0.1|LAPTOP-NT3IUSD3
21-Dec-2021 18:51:14.768 INFORMACIÓN [main] org.apache.catalina.startup.VersionLoggerListener.log Command line argument:             -Djdk.tls.ephemeralDHKeySize=2048
21-Dec-2021 18:51:14.768 INFORMACIÓN [main] org.apache.catalina.startup.VersionLoggerListener.log Command line argument:             -Djava.protocol.handler.pkgs=org.apache.catalina.webresources
21-Dec-2021 18:51:14.768 INFORMACIÓN [main] org.apache.catalina.startup.VersionLoggerListener.log Command line argument:             -Dignore.endorsed.dirs=
21-Dec-2021 18:51:14.768 INFORMACIÓN [main] org.apache.catalina.startup.VersionLoggerListener.log Command line argument:             -Dcatalina.base=C:\Users\jeiso\Documents\WEB-UFPS\apache-tomcat-9.0.56
21-Dec-2021 18:51:14.768 INFORMACIÓN [main] org.apache.catalina.startup.VersionLoggerListener.log Command line argument:             -Dcatalina.home=C:\Users\jeiso\Documents\WEB-UFPS\apache-tomcat-9.0.56
21-Dec-2021 18:51:14.768 INFORMACIÓN [main] org.apache.catalina.startup.VersionLoggerListener.log Command line argument:             -Djava.io.tmpdir=C:\Users\jeiso\Documents\WEB-UFPS\apache-tomcat-9.0.56\temp
21-Dec-2021 18:51:14.773 INFORMACIÓN [main] org.apache.catalina.core.AprLifecycleListener.lifecycleEvent Cargada la biblioteca nativa APR de Apache Tomcat [1.2.31] con la versión APR [1.7.0].
21-Dec-2021 18:51:14.774 INFORMACIÓN [main] org.apache.catalina.core.AprLifecycleListener.lifecycleEvent Capacidades APR: IPv6 [true], enviar fichero [true], aceptar filtros [false], aleatorio [true], UDS [true].
21-Dec-2021 18:51:14.774 INFORMACIÓN [main] org.apache.catalina.core.AprLifecycleListener.lifecycleEvent APR/OpenSSL configuration: useAprConnector [false], useOpenSSL [true]
21-Dec-2021 18:51:14.793 INFORMACIÓN [main] org.apache.catalina.core.AprLifecycleListener.initializeSSL OpenSSL inicializado correctamente [OpenSSL 1.1.1l  24 Aug 2021]
21-Dec-2021 18:51:15.177 INFORMACIÓN [main] org.apache.coyote.AbstractProtocol.init Inicializando el manejador de protocolo ["http-nio-8080"]

21-Dec-2021 18:51:15.207 INFORMACIÓN [main] org.apache.catalina.startup.Catalina.load Server initialization in [656] milliseconds
21-Dec-2021 18:51:15.244 INFORMACIÓN [main] org.apache.catalina.core.StandardService.startInternal Arrancando servicio [Catalina]
21-Dec-2021 18:51:15.244 INFORMACIÓN [main] org.apache.catalina.core.StandardEngine.startInternal Starting Servlet engine: [Apache Tomcat/9.0.56]
21-Dec-2021 18:51:15.257 INFORMACIÓN [main] org.apache.catalina.startup.HostConfig.deployDirectory Desplegando el directorio [C:\Users\jeiso\Documents\WEB-UFPS\apache-tomcat-9.0.56\webapps\docs] de la aplicación web
21-Dec-2021 18:51:15.745 ADVERTENCIA [main] org.apache.catalina.util.SessionIdGeneratorBase.createSecureRandom Creation of SecureRandom instance for session ID generation using [SHA1PRNG] took [186] milliseconds.
21-Dec-2021 18:51:15.767 INFORMACIÓN [main] org.apache.catalina.startup.HostConfig.deployDirectory Deployment of web application directory [C:\Users\jeiso\Documents\WEB-UFPS\apache-tomcat-9.0.56\webapps\docs] has finished in [510] ms
21-Dec-2021 18:51:15.768 INFORMACIÓN [main] org.apache.catalina.startup.HostConfig.deployDirectory Desplegando el directorio [C:\Users\jeiso\Documents\WEB-UFPS\apache-tomcat-9.0.56\webapps\examples] de la aplicación web
21-Dec-2021 18:51:16.235 INFORMACIÓN [main] org.apache.catalina.startup.HostConfig.deployDirectory Deployment of web application directory [C:\Users\jeiso\Documents\WEB-UFPS\apache-tomcat-9.0.56\webapps\examples] has finished in [467] ms
21-Dec-2021 18:51:16.235 INFORMACIÓN [main] org.apache.catalina.startup.HostConfig.deployDirectory Desplegando el directorio [C:\Users\jeiso\Documents\WEB-UFPS\apache-tomcat-9.0.56\webapps\host-manager] de la aplicación web
21-Dec-2021 18:51:16.280 INFORMACIÓN [main] org.apache.catalina.startup.HostConfig.deployDirectory Deployment of web application directory [C:\Users\jeiso\Documents\WEB-UFPS\apache-tomcat-9.0.56\webapps\host-manager] has finished in [45] ms
21-Dec-2021 18:51:16.280 INFORMACIÓN [main] org.apache.catalina.startup.HostConfig.deployDirectory Desplegando el directorio [C:\Users\jeiso\Documents\WEB-UFPS\apache-tomcat-9.0.56\webapps\manager] de la aplicación web
21-Dec-2021 18:51:16.316 INFORMACIÓN [main] org.apache.catalina.startup.HostConfig.deployDirectory Deployment of web application directory [C:\Users\jeiso\Documents\WEB-UFPS\apache-tomcat-9.0.56\webapps\manager] has finished in [36] ms
21-Dec-2021 18:51:16.317 INFORMACIÓN [main] org.apache.catalina.startup.HostConfig.deployDirectory Desplegando el directorio [C:\Users\jeiso\Documents\WEB-UFPS\apache-tomcat-9.0.56\webapps\ROOT] de la aplicación web
21-Dec-2021 18:51:16.361 INFORMACIÓN [main] org.apache.catalina.startup.HostConfig.deployDirectory Deployment of web application directory [C:\Users\jeiso\Documents\WEB-UFPS\apache-tomcat-9.0.56\webapps\ROOT] has finished in [43] ms
21-Dec-2021 18:51:16.365 INFORMACIÓN [main] org.apache.coyote.AbstractProtocol.start Starting ProtocolHandler ["http-nio-8080"]
21-Dec-2021 18:51:16.380 INFORMACIÓN [main] org.apache.catalina.startup.Catalina.start Server startup in [1173] milliseconds
21-Dec-2021 18:55:27.939 ADVERTENCIA [http-nio-8080-exec-7] org.apache.catalina.realm.LockOutRealm.filterLockedAccounts Se ha intentado autenticar al usuario bloqueado [admin]
21-Dec-2021 18:56:46.958 ADVERTENCIA [http-nio-8080-exec-10] org.apache.catalina.realm.LockOutRealm.filterLockedAccounts Se ha intentado autenticar al usuario bloqueado [robot]
21-Dec-2021 18:56:47.852 ADVERTENCIA [http-nio-8080-exec-4] org.apache.catalina.realm.LockOutRealm.filterLockedAccounts Se ha intentado autenticar al usuario bloqueado [robot]
21-Dec-2021 18:56:47.857 ADVERTENCIA [http-nio-8080-exec-3] org.apache.catalina.realm.LockOutRealm.filterLockedAccounts Se ha intentado autenticar al usuario bloqueado [robot]
21-Dec-2021 19:00:10.030 ADVERTENCIA [http-nio-8080-exec-9] org.apache.catalina.realm.LockOutRealm.filterLockedAccounts Se ha intentado autenticar al usuario bloqueado [admin]
21-Dec-2021 19:01:28.472 ADVERTENCIA [http-nio-8080-exec-10] org.apache.catalina.realm.LockOutRealm.filterLockedAccounts Se ha intentado autenticar al usuario bloqueado [admin]
21-Dec-2021 19:01:29.991 ADVERTENCIA [http-nio-8080-exec-8] org.apache.catalina.realm.LockOutRealm.filterLockedAccounts Se ha intentado autenticar al usuario bloqueado [admin]
21-Dec-2021 19:01:30.420 ADVERTENCIA [http-nio-8080-exec-1] org.apache.catalina.realm.LockOutRealm.filterLockedAccounts Se ha intentado autenticar al usuario bloqueado [admin]
21-Dec-2021 19:01:30.577 ADVERTENCIA [http-nio-8080-exec-4] org.apache.catalina.realm.LockOutRealm.filterLockedAccounts Se ha intentado autenticar al usuario bloqueado [admin]
21-Dec-2021 19:01:30.714 ADVERTENCIA [http-nio-8080-exec-6] org.apache.catalina.realm.LockOutRealm.filterLockedAccounts Se ha intentado autenticar al usuario bloqueado [admin]
21-Dec-2021 19:01:30.839 ADVERTENCIA [http-nio-8080-exec-10] org.apache.catalina.realm.LockOutRealm.filterLockedAccounts Se ha intentado autenticar al usuario bloqueado [admin]
21-Dec-2021 19:01:30.993 ADVERTENCIA [http-nio-8080-exec-8] org.apache.catalina.realm.LockOutRealm.filterLockedAccounts Se ha intentado autenticar al usuario bloqueado [admin]
21-Dec-2021 19:01:31.154 ADVERTENCIA [http-nio-8080-exec-1] org.apache.catalina.realm.LockOutRealm.filterLockedAccounts Se ha intentado autenticar al usuario bloqueado [admin]
21-Dec-2021 19:01:32.566 INFORMACIÓN [main] org.apache.catalina.core.StandardServer.await Se ha recibido un comando de apagado a través del puerto de apagado. Parando la instancia del Servidor.
21-Dec-2021 19:01:32.566 INFORMACIÓN [main] org.apache.coyote.AbstractProtocol.pause Pausing ProtocolHandler ["http-nio-8080"]
21-Dec-2021 19:01:32.728 INFORMACIÓN [main] org.apache.catalina.core.StandardService.stopInternal Parando servicio [Catalina]
21-Dec-2021 19:01:32.751 INFORMACIÓN [main] org.apache.coyote.AbstractProtocol.stop Stopping ProtocolHandler ["http-nio-8080"]
21-Dec-2021 19:01:32.763 INFORMACIÓN [main] org.apache.coyote.AbstractProtocol.destroy Destroying ProtocolHandler ["http-nio-8080"]
21-Dec-2021 19:03:06.904 INFORMACIÓN [main] org.apache.catalina.startup.VersionLoggerListener.log Nombre de la versión del servidor: Apache Tomcat/9.0.56
21-Dec-2021 19:03:06.907 INFORMACIÓN [main] org.apache.catalina.startup.VersionLoggerListener.log Server built:                      Dec 2 2021 14:30:07 UTC
21-Dec-2021 19:03:06.908 INFORMACIÓN [main] org.apache.catalina.startup.VersionLoggerListener.log Número de versión de servidor:     9.0.56.0
21-Dec-2021 19:03:06.908 INFORMACIÓN [main] org.apache.catalina.startup.VersionLoggerListener.log OS Name:                           Windows 10
21-Dec-2021 19:03:06.908 INFORMACIÓN [main] org.apache.catalina.startup.VersionLoggerListener.log Versión de Systema Operativo:      10.0
21-Dec-2021 19:03:06.908 INFORMACIÓN [main] org.apache.catalina.startup.VersionLoggerListener.log Arquitectura:                      amd64
21-Dec-2021 19:03:06.908 INFORMACIÓN [main] org.apache.catalina.startup.VersionLoggerListener.log Java Home:                         C:\Program Files\Java\jdk1.8.0_271\jre
21-Dec-2021 19:03:06.908 INFORMACIÓN [main] org.apache.catalina.startup.VersionLoggerListener.log JVM Version:                       1.8.0_271-b09
21-Dec-2021 19:03:06.908 INFORMACIÓN [main] org.apache.catalina.startup.VersionLoggerListener.log Vededor JVM:                       Oracle Corporation
21-Dec-2021 19:03:06.908 INFORMACIÓN [main] org.apache.catalina.startup.VersionLoggerListener.log CATALINA_BASE:                     C:\Users\jeiso\Documents\WEB-UFPS\apache-tomcat-9.0.56
21-Dec-2021 19:03:06.908 INFORMACIÓN [main] org.apache.catalina.startup.VersionLoggerListener.log CATALINA_HOME:                     C:\Users\jeiso\Documents\WEB-UFPS\apache-tomcat-9.0.56
21-Dec-2021 19:03:06.910 INFORMACIÓN [main] org.apache.catalina.startup.VersionLoggerListener.log Command line argument:             -Djava.util.logging.config.file=C:\Users\jeiso\Documents\WEB-UFPS\apache-tomcat-9.0.56\conf\logging.properties
21-Dec-2021 19:03:06.910 INFORMACIÓN [main] org.apache.catalina.startup.VersionLoggerListener.log Command line argument:             -Djava.util.logging.manager=org.apache.juli.ClassLoaderLogManager
21-Dec-2021 19:03:06.910 INFORMACIÓN [main] org.apache.catalina.startup.VersionLoggerListener.log Command line argument:             -Dhttp.nonProxyHosts=localhost|127.0.0.1|LAPTOP-NT3IUSD3
21-Dec-2021 19:03:06.910 INFORMACIÓN [main] org.apache.catalina.startup.VersionLoggerListener.log Command line argument:             -Djdk.tls.ephemeralDHKeySize=2048
21-Dec-2021 19:03:06.910 INFORMACIÓN [main] org.apache.catalina.startup.VersionLoggerListener.log Command line argument:             -Djava.protocol.handler.pkgs=org.apache.catalina.webresources
21-Dec-2021 19:03:06.910 INFORMACIÓN [main] org.apache.catalina.startup.VersionLoggerListener.log Command line argument:             -Dignore.endorsed.dirs=
21-Dec-2021 19:03:06.910 INFORMACIÓN [main] org.apache.catalina.startup.VersionLoggerListener.log Command line argument:             -Dcatalina.base=C:\Users\jeiso\Documents\WEB-UFPS\apache-tomcat-9.0.56
21-Dec-2021 19:03:06.910 INFORMACIÓN [main] org.apache.catalina.startup.VersionLoggerListener.log Command line argument:             -Dcatalina.home=C:\Users\jeiso\Documents\WEB-UFPS\apache-tomcat-9.0.56
21-Dec-2021 19:03:06.911 INFORMACIÓN [main] org.apache.catalina.startup.VersionLoggerListener.log Command line argument:             -Djava.io.tmpdir=C:\Users\jeiso\Documents\WEB-UFPS\apache-tomcat-9.0.56\temp
21-Dec-2021 19:03:06.915 INFORMACIÓN [main] org.apache.catalina.core.AprLifecycleListener.lifecycleEvent Cargada la biblioteca nativa APR de Apache Tomcat [1.2.31] con la versión APR [1.7.0].
21-Dec-2021 19:03:06.915 INFORMACIÓN [main] org.apache.catalina.core.AprLifecycleListener.lifecycleEvent Capacidades APR: IPv6 [true], enviar fichero [true], aceptar filtros [false], aleatorio [true], UDS [true].
21-Dec-2021 19:03:06.915 INFORMACIÓN [main] org.apache.catalina.core.AprLifecycleListener.lifecycleEvent APR/OpenSSL configuration: useAprConnector [false], useOpenSSL [true]
21-Dec-2021 19:03:06.965 INFORMACIÓN [main] org.apache.catalina.core.AprLifecycleListener.initializeSSL OpenSSL inicializado correctamente [OpenSSL 1.1.1l  24 Aug 2021]
21-Dec-2021 19:03:07.354 INFORMACIÓN [main] org.apache.coyote.AbstractProtocol.init Inicializando el manejador de protocolo ["http-nio-8080"]

21-Dec-2021 19:03:07.383 INFORMACIÓN [main] org.apache.catalina.startup.Catalina.load Server initialization in [680] milliseconds
21-Dec-2021 19:03:07.425 INFORMACIÓN [main] org.apache.catalina.core.StandardService.startInternal Arrancando servicio [Catalina]
21-Dec-2021 19:03:07.426 INFORMACIÓN [main] org.apache.catalina.core.StandardEngine.startInternal Starting Servlet engine: [Apache Tomcat/9.0.56]
21-Dec-2021 19:03:07.436 INFORMACIÓN [main] org.apache.catalina.startup.HostConfig.deployDirectory Desplegando el directorio [C:\Users\jeiso\Documents\WEB-UFPS\apache-tomcat-9.0.56\webapps\docs] de la aplicación web
21-Dec-2021 19:03:07.884 ADVERTENCIA [main] org.apache.catalina.util.SessionIdGeneratorBase.createSecureRandom Creation of SecureRandom instance for session ID generation using [SHA1PRNG] took [173] milliseconds.
21-Dec-2021 19:03:07.907 INFORMACIÓN [main] org.apache.catalina.startup.HostConfig.deployDirectory Deployment of web application directory [C:\Users\jeiso\Documents\WEB-UFPS\apache-tomcat-9.0.56\webapps\docs] has finished in [471] ms
21-Dec-2021 19:03:07.907 INFORMACIÓN [main] org.apache.catalina.startup.HostConfig.deployDirectory Desplegando el directorio [C:\Users\jeiso\Documents\WEB-UFPS\apache-tomcat-9.0.56\webapps\examples] de la aplicación web
21-Dec-2021 19:03:08.392 INFORMACIÓN [main] org.apache.catalina.startup.HostConfig.deployDirectory Deployment of web application directory [C:\Users\jeiso\Documents\WEB-UFPS\apache-tomcat-9.0.56\webapps\examples] has finished in [485] ms
21-Dec-2021 19:03:08.392 INFORMACIÓN [main] org.apache.catalina.startup.HostConfig.deployDirectory Desplegando el directorio [C:\Users\jeiso\Documents\WEB-UFPS\apache-tomcat-9.0.56\webapps\host-manager] de la aplicación web
21-Dec-2021 19:03:08.438 INFORMACIÓN [main] org.apache.catalina.startup.HostConfig.deployDirectory Deployment of web application directory [C:\Users\jeiso\Documents\WEB-UFPS\apache-tomcat-9.0.56\webapps\host-manager] has finished in [45] ms
21-Dec-2021 19:03:08.438 INFORMACIÓN [main] org.apache.catalina.startup.HostConfig.deployDirectory Desplegando el directorio [C:\Users\jeiso\Documents\WEB-UFPS\apache-tomcat-9.0.56\webapps\manager] de la aplicación web
21-Dec-2021 19:03:08.476 INFORMACIÓN [main] org.apache.catalina.startup.HostConfig.deployDirectory Deployment of web application directory [C:\Users\jeiso\Documents\WEB-UFPS\apache-tomcat-9.0.56\webapps\manager] has finished in [38] ms
21-Dec-2021 19:03:08.476 INFORMACIÓN [main] org.apache.catalina.startup.HostConfig.deployDirectory Desplegando el directorio [C:\Users\jeiso\Documents\WEB-UFPS\apache-tomcat-9.0.56\webapps\ROOT] de la aplicación web
21-Dec-2021 19:03:08.508 INFORMACIÓN [main] org.apache.catalina.startup.HostConfig.deployDirectory Deployment of web application directory [C:\Users\jeiso\Documents\WEB-UFPS\apache-tomcat-9.0.56\webapps\ROOT] has finished in [32] ms
21-Dec-2021 19:03:08.523 INFORMACIÓN [main] org.apache.coyote.AbstractProtocol.start Starting ProtocolHandler ["http-nio-8080"]
21-Dec-2021 19:03:08.544 INFORMACIÓN [main] org.apache.catalina.startup.Catalina.start Server startup in [1160] milliseconds
21-Dec-2021 19:04:57.076 ADVERTENCIA [http-nio-8080-exec-3] org.apache.catalina.realm.LockOutRealm.filterLockedAccounts Se ha intentado autenticar al usuario bloqueado [admin]
21-Dec-2021 19:04:57.225 ADVERTENCIA [http-nio-8080-exec-5] org.apache.catalina.realm.LockOutRealm.filterLockedAccounts Se ha intentado autenticar al usuario bloqueado [admin]
21-Dec-2021 19:04:57.363 ADVERTENCIA [http-nio-8080-exec-7] org.apache.catalina.realm.LockOutRealm.filterLockedAccounts Se ha intentado autenticar al usuario bloqueado [admin]
21-Dec-2021 19:04:57.500 ADVERTENCIA [http-nio-8080-exec-9] org.apache.catalina.realm.LockOutRealm.filterLockedAccounts Se ha intentado autenticar al usuario bloqueado [admin]
21-Dec-2021 19:04:57.641 ADVERTENCIA [http-nio-8080-exec-1] org.apache.catalina.realm.LockOutRealm.filterLockedAccounts Se ha intentado autenticar al usuario bloqueado [admin]
21-Dec-2021 19:04:57.786 ADVERTENCIA [http-nio-8080-exec-3] org.apache.catalina.realm.LockOutRealm.filterLockedAccounts Se ha intentado autenticar al usuario bloqueado [admin]
21-Dec-2021 19:04:57.929 ADVERTENCIA [http-nio-8080-exec-5] org.apache.catalina.realm.LockOutRealm.filterLockedAccounts Se ha intentado autenticar al usuario bloqueado [admin]
21-Dec-2021 19:04:58.068 ADVERTENCIA [http-nio-8080-exec-7] org.apache.catalina.realm.LockOutRealm.filterLockedAccounts Se ha intentado autenticar al usuario bloqueado [admin]
21-Dec-2021 19:04:58.201 ADVERTENCIA [http-nio-8080-exec-9] org.apache.catalina.realm.LockOutRealm.filterLockedAccounts Se ha intentado autenticar al usuario bloqueado [admin]
21-Dec-2021 19:04:58.353 ADVERTENCIA [http-nio-8080-exec-1] org.apache.catalina.realm.LockOutRealm.filterLockedAccounts Se ha intentado autenticar al usuario bloqueado [admin]
21-Dec-2021 19:04:58.505 ADVERTENCIA [http-nio-8080-exec-3] org.apache.catalina.realm.LockOutRealm.filterLockedAccounts Se ha intentado autenticar al usuario bloqueado [admin]
21-Dec-2021 19:04:58.652 ADVERTENCIA [http-nio-8080-exec-5] org.apache.catalina.realm.LockOutRealm.filterLockedAccounts Se ha intentado autenticar al usuario bloqueado [admin]
21-Dec-2021 19:05:05.961 ADVERTENCIA [http-nio-8080-exec-9] org.apache.catalina.realm.LockOutRealm.filterLockedAccounts Se ha intentado autenticar al usuario bloqueado [admin]
21-Dec-2021 19:05:05.963 ADVERTENCIA [http-nio-8080-exec-10] org.apache.catalina.realm.LockOutRealm.filterLockedAccounts Se ha intentado autenticar al usuario bloqueado [admin]
21-Dec-2021 19:07:43.757 INFORMACIÓN [main] org.apache.catalina.core.StandardServer.await Se ha recibido un comando de apagado a través del puerto de apagado. Parando la instancia del Servidor.
21-Dec-2021 19:07:43.757 INFORMACIÓN [main] org.apache.coyote.AbstractProtocol.pause Pausing ProtocolHandler ["http-nio-8080"]
21-Dec-2021 19:07:43.928 INFORMACIÓN [main] org.apache.catalina.core.StandardService.stopInternal Parando servicio [Catalina]
21-Dec-2021 19:07:43.952 INFORMACIÓN [main] org.apache.coyote.AbstractProtocol.stop Stopping ProtocolHandler ["http-nio-8080"]
21-Dec-2021 19:07:43.968 INFORMACIÓN [main] org.apache.coyote.AbstractProtocol.destroy Destroying ProtocolHandler ["http-nio-8080"]
21-Dec-2021 19:08:38.939 INFORMACIÓN [main] org.apache.catalina.startup.VersionLoggerListener.log Nombre de la versión del servidor: Apache Tomcat/9.0.56
21-Dec-2021 19:08:38.939 INFORMACIÓN [main] org.apache.catalina.startup.VersionLoggerListener.log Server built:                      Dec 2 2021 14:30:07 UTC
21-Dec-2021 19:08:38.939 INFORMACIÓN [main] org.apache.catalina.startup.VersionLoggerListener.log Número de versión de servidor:     9.0.56.0
21-Dec-2021 19:08:38.939 INFORMACIÓN [main] org.apache.catalina.startup.VersionLoggerListener.log OS Name:                           Windows 10
21-Dec-2021 19:08:38.943 INFORMACIÓN [main] org.apache.catalina.startup.VersionLoggerListener.log Versión de Systema Operativo:      10.0
21-Dec-2021 19:08:38.943 INFORMACIÓN [main] org.apache.catalina.startup.VersionLoggerListener.log Arquitectura:                      amd64
21-Dec-2021 19:08:38.943 INFORMACIÓN [main] org.apache.catalina.startup.VersionLoggerListener.log Java Home:                         C:\Program Files\Java\jdk1.8.0_271\jre
21-Dec-2021 19:08:38.943 INFORMACIÓN [main] org.apache.catalina.startup.VersionLoggerListener.log JVM Version:                       1.8.0_271-b09
21-Dec-2021 19:08:38.943 INFORMACIÓN [main] org.apache.catalina.startup.VersionLoggerListener.log Vededor JVM:                       Oracle Corporation
21-Dec-2021 19:08:38.943 INFORMACIÓN [main] org.apache.catalina.startup.VersionLoggerListener.log CATALINA_BASE:                     C:\Users\jeiso\Documents\WEB-UFPS\apache-tomcat-9.0.56
21-Dec-2021 19:08:38.943 INFORMACIÓN [main] org.apache.catalina.startup.VersionLoggerListener.log CATALINA_HOME:                     C:\Users\jeiso\Documents\WEB-UFPS\apache-tomcat-9.0.56
21-Dec-2021 19:08:38.943 INFORMACIÓN [main] org.apache.catalina.startup.VersionLoggerListener.log Command line argument:             -Djava.util.logging.config.file=C:\Users\jeiso\Documents\WEB-UFPS\apache-tomcat-9.0.56\conf\logging.properties
21-Dec-2021 19:08:38.943 INFORMACIÓN [main] org.apache.catalina.startup.VersionLoggerListener.log Command line argument:             -Djava.util.logging.manager=org.apache.juli.ClassLoaderLogManager
21-Dec-2021 19:08:38.943 INFORMACIÓN [main] org.apache.catalina.startup.VersionLoggerListener.log Command line argument:             -Dhttp.nonProxyHosts=localhost|127.0.0.1|LAPTOP-NT3IUSD3
21-Dec-2021 19:08:38.943 INFORMACIÓN [main] org.apache.catalina.startup.VersionLoggerListener.log Command line argument:             -Djdk.tls.ephemeralDHKeySize=2048
21-Dec-2021 19:08:38.943 INFORMACIÓN [main] org.apache.catalina.startup.VersionLoggerListener.log Command line argument:             -Djava.protocol.handler.pkgs=org.apache.catalina.webresources
21-Dec-2021 19:08:38.943 INFORMACIÓN [main] org.apache.catalina.startup.VersionLoggerListener.log Command line argument:             -Dignore.endorsed.dirs=
21-Dec-2021 19:08:38.943 INFORMACIÓN [main] org.apache.catalina.startup.VersionLoggerListener.log Command line argument:             -Dcatalina.base=C:\Users\jeiso\Documents\WEB-UFPS\apache-tomcat-9.0.56
21-Dec-2021 19:08:38.943 INFORMACIÓN [main] org.apache.catalina.startup.VersionLoggerListener.log Command line argument:             -Dcatalina.home=C:\Users\jeiso\Documents\WEB-UFPS\apache-tomcat-9.0.56
21-Dec-2021 19:08:38.943 INFORMACIÓN [main] org.apache.catalina.startup.VersionLoggerListener.log Command line argument:             -Djava.io.tmpdir=C:\Users\jeiso\Documents\WEB-UFPS\apache-tomcat-9.0.56\temp
21-Dec-2021 19:08:38.947 INFORMACIÓN [main] org.apache.catalina.core.AprLifecycleListener.lifecycleEvent Cargada la biblioteca nativa APR de Apache Tomcat [1.2.31] con la versión APR [1.7.0].
21-Dec-2021 19:08:38.947 INFORMACIÓN [main] org.apache.catalina.core.AprLifecycleListener.lifecycleEvent Capacidades APR: IPv6 [true], enviar fichero [true], aceptar filtros [false], aleatorio [true], UDS [true].
21-Dec-2021 19:08:38.947 INFORMACIÓN [main] org.apache.catalina.core.AprLifecycleListener.lifecycleEvent APR/OpenSSL configuration: useAprConnector [false], useOpenSSL [true]
21-Dec-2021 19:08:39.050 INFORMACIÓN [main] org.apache.catalina.core.AprLifecycleListener.initializeSSL OpenSSL inicializado correctamente [OpenSSL 1.1.1l  24 Aug 2021]
21-Dec-2021 19:08:39.430 INFORMACIÓN [main] org.apache.coyote.AbstractProtocol.init Inicializando el manejador de protocolo ["http-nio-8080"]

21-Dec-2021 19:08:39.458 INFORMACIÓN [main] org.apache.catalina.startup.Catalina.load Server initialization in [731] milliseconds
21-Dec-2021 19:08:39.498 INFORMACIÓN [main] org.apache.catalina.core.StandardService.startInternal Arrancando servicio [Catalina]
21-Dec-2021 19:08:39.498 INFORMACIÓN [main] org.apache.catalina.core.StandardEngine.startInternal Starting Servlet engine: [Apache Tomcat/9.0.56]
21-Dec-2021 19:08:39.506 INFORMACIÓN [main] org.apache.catalina.startup.HostConfig.deployDirectory Desplegando el directorio [C:\Users\jeiso\Documents\WEB-UFPS\apache-tomcat-9.0.56\webapps\docs] de la aplicación web
21-Dec-2021 19:08:39.975 ADVERTENCIA [main] org.apache.catalina.util.SessionIdGeneratorBase.createSecureRandom Creation of SecureRandom instance for session ID generation using [SHA1PRNG] took [176] milliseconds.
21-Dec-2021 19:08:40.007 INFORMACIÓN [main] org.apache.catalina.startup.HostConfig.deployDirectory Deployment of web application directory [C:\Users\jeiso\Documents\WEB-UFPS\apache-tomcat-9.0.56\webapps\docs] has finished in [501] ms
21-Dec-2021 19:08:40.007 INFORMACIÓN [main] org.apache.catalina.startup.HostConfig.deployDirectory Desplegando el directorio [C:\Users\jeiso\Documents\WEB-UFPS\apache-tomcat-9.0.56\webapps\examples] de la aplicación web
21-Dec-2021 19:08:40.477 INFORMACIÓN [main] org.apache.catalina.startup.HostConfig.deployDirectory Deployment of web application directory [C:\Users\jeiso\Documents\WEB-UFPS\apache-tomcat-9.0.56\webapps\examples] has finished in [470] ms
21-Dec-2021 19:08:40.477 INFORMACIÓN [main] org.apache.catalina.startup.HostConfig.deployDirectory Desplegando el directorio [C:\Users\jeiso\Documents\WEB-UFPS\apache-tomcat-9.0.56\webapps\host-manager] de la aplicación web
21-Dec-2021 19:08:40.525 INFORMACIÓN [main] org.apache.catalina.startup.HostConfig.deployDirectory Deployment of web application directory [C:\Users\jeiso\Documents\WEB-UFPS\apache-tomcat-9.0.56\webapps\host-manager] has finished in [48] ms
21-Dec-2021 19:08:40.525 INFORMACIÓN [main] org.apache.catalina.startup.HostConfig.deployDirectory Desplegando el directorio [C:\Users\jeiso\Documents\WEB-UFPS\apache-tomcat-9.0.56\webapps\manager] de la aplicación web
21-Dec-2021 19:08:40.565 INFORMACIÓN [main] org.apache.catalina.startup.HostConfig.deployDirectory Deployment of web application directory [C:\Users\jeiso\Documents\WEB-UFPS\apache-tomcat-9.0.56\webapps\manager] has finished in [36] ms
21-Dec-2021 19:08:40.565 INFORMACIÓN [main] org.apache.catalina.startup.HostConfig.deployDirectory Desplegando el directorio [C:\Users\jeiso\Documents\WEB-UFPS\apache-tomcat-9.0.56\webapps\ROOT] de la aplicación web
21-Dec-2021 19:08:40.609 INFORMACIÓN [main] org.apache.catalina.startup.HostConfig.deployDirectory Deployment of web application directory [C:\Users\jeiso\Documents\WEB-UFPS\apache-tomcat-9.0.56\webapps\ROOT] has finished in [44] ms
21-Dec-2021 19:08:40.613 INFORMACIÓN [main] org.apache.coyote.AbstractProtocol.start Starting ProtocolHandler ["http-nio-8080"]
21-Dec-2021 19:08:40.635 INFORMACIÓN [main] org.apache.catalina.startup.Catalina.start Server startup in [1173] milliseconds
21-Dec-2021 19:12:31.101 ADVERTENCIA [http-nio-8080-exec-6] org.apache.catalina.realm.LockOutRealm.filterLockedAccounts Se ha intentado autenticar al usuario bloqueado [admin]
21-Dec-2021 19:12:32.626 INFORMACIÓN [main] org.apache.catalina.core.StandardServer.await Se ha recibido un comando de apagado a través del puerto de apagado. Parando la instancia del Servidor.
21-Dec-2021 19:12:32.626 INFORMACIÓN [main] org.apache.coyote.AbstractProtocol.pause Pausing ProtocolHandler ["http-nio-8080"]
21-Dec-2021 19:12:32.806 INFORMACIÓN [main] org.apache.catalina.core.StandardService.stopInternal Parando servicio [Catalina]
21-Dec-2021 19:12:32.828 INFORMACIÓN [main] org.apache.coyote.AbstractProtocol.stop Stopping ProtocolHandler ["http-nio-8080"]
21-Dec-2021 19:12:32.842 INFORMACIÓN [main] org.apache.coyote.AbstractProtocol.destroy Destroying ProtocolHandler ["http-nio-8080"]
21-Dec-2021 19:15:12.569 INFORMACIÓN [main] org.apache.catalina.startup.VersionLoggerListener.log Nombre de la versión del servidor: Apache Tomcat/9.0.56
21-Dec-2021 19:15:12.569 INFORMACIÓN [main] org.apache.catalina.startup.VersionLoggerListener.log Server built:                      Dec 2 2021 14:30:07 UTC
21-Dec-2021 19:15:12.569 INFORMACIÓN [main] org.apache.catalina.startup.VersionLoggerListener.log Número de versión de servidor:     9.0.56.0
21-Dec-2021 19:15:12.569 INFORMACIÓN [main] org.apache.catalina.startup.VersionLoggerListener.log OS Name:                           Windows 10
21-Dec-2021 19:15:12.569 INFORMACIÓN [main] org.apache.catalina.startup.VersionLoggerListener.log Versión de Systema Operativo:      10.0
21-Dec-2021 19:15:12.573 INFORMACIÓN [main] org.apache.catalina.startup.VersionLoggerListener.log Arquitectura:                      amd64
21-Dec-2021 19:15:12.573 INFORMACIÓN [main] org.apache.catalina.startup.VersionLoggerListener.log Java Home:                         C:\Program Files\Java\jdk1.8.0_271\jre
21-Dec-2021 19:15:12.573 INFORMACIÓN [main] org.apache.catalina.startup.VersionLoggerListener.log JVM Version:                       1.8.0_271-b09
21-Dec-2021 19:15:12.573 INFORMACIÓN [main] org.apache.catalina.startup.VersionLoggerListener.log Vededor JVM:                       Oracle Corporation
21-Dec-2021 19:15:12.573 INFORMACIÓN [main] org.apache.catalina.startup.VersionLoggerListener.log CATALINA_BASE:                     C:\Users\jeiso\Documents\WEB-UFPS\apache-tomcat-9.0.56
21-Dec-2021 19:15:12.573 INFORMACIÓN [main] org.apache.catalina.startup.VersionLoggerListener.log CATALINA_HOME:                     C:\Users\jeiso\Documents\WEB-UFPS\apache-tomcat-9.0.56
21-Dec-2021 19:15:12.573 INFORMACIÓN [main] org.apache.catalina.startup.VersionLoggerListener.log Command line argument:             -Djava.util.logging.config.file=C:\Users\jeiso\Documents\WEB-UFPS\apache-tomcat-9.0.56\conf\logging.properties
21-Dec-2021 19:15:12.573 INFORMACIÓN [main] org.apache.catalina.startup.VersionLoggerListener.log Command line argument:             -Djava.util.logging.manager=org.apache.juli.ClassLoaderLogManager
21-Dec-2021 19:15:12.573 INFORMACIÓN [main] org.apache.catalina.startup.VersionLoggerListener.log Command line argument:             -Dhttp.nonProxyHosts=localhost|127.0.0.1|LAPTOP-NT3IUSD3
21-Dec-2021 19:15:12.573 INFORMACIÓN [main] org.apache.catalina.startup.VersionLoggerListener.log Command line argument:             -Djdk.tls.ephemeralDHKeySize=2048
21-Dec-2021 19:15:12.573 INFORMACIÓN [main] org.apache.catalina.startup.VersionLoggerListener.log Command line argument:             -Djava.protocol.handler.pkgs=org.apache.catalina.webresources
21-Dec-2021 19:15:12.573 INFORMACIÓN [main] org.apache.catalina.startup.VersionLoggerListener.log Command line argument:             -Dignore.endorsed.dirs=
21-Dec-2021 19:15:12.573 INFORMACIÓN [main] org.apache.catalina.startup.VersionLoggerListener.log Command line argument:             -Dcatalina.base=C:\Users\jeiso\Documents\WEB-UFPS\apache-tomcat-9.0.56
21-Dec-2021 19:15:12.573 INFORMACIÓN [main] org.apache.catalina.startup.VersionLoggerListener.log Command line argument:             -Dcatalina.home=C:\Users\jeiso\Documents\WEB-UFPS\apache-tomcat-9.0.56
21-Dec-2021 19:15:12.573 INFORMACIÓN [main] org.apache.catalina.startup.VersionLoggerListener.log Command line argument:             -Djava.io.tmpdir=C:\Users\jeiso\Documents\WEB-UFPS\apache-tomcat-9.0.56\temp
21-Dec-2021 19:15:12.581 INFORMACIÓN [main] org.apache.catalina.core.AprLifecycleListener.lifecycleEvent Cargada la biblioteca nativa APR de Apache Tomcat [1.2.31] con la versión APR [1.7.0].
21-Dec-2021 19:15:12.581 INFORMACIÓN [main] org.apache.catalina.core.AprLifecycleListener.lifecycleEvent Capacidades APR: IPv6 [true], enviar fichero [true], aceptar filtros [false], aleatorio [true], UDS [true].
21-Dec-2021 19:15:12.581 INFORMACIÓN [main] org.apache.catalina.core.AprLifecycleListener.lifecycleEvent APR/OpenSSL configuration: useAprConnector [false], useOpenSSL [true]
21-Dec-2021 19:15:12.619 INFORMACIÓN [main] org.apache.catalina.core.AprLifecycleListener.initializeSSL OpenSSL inicializado correctamente [OpenSSL 1.1.1l  24 Aug 2021]
21-Dec-2021 19:15:13.009 INFORMACIÓN [main] org.apache.coyote.AbstractProtocol.init Inicializando el manejador de protocolo ["http-nio-8080"]

21-Dec-2021 19:15:13.033 INFORMACIÓN [main] org.apache.catalina.startup.Catalina.load Server initialization in [674] milliseconds
21-Dec-2021 19:15:13.065 INFORMACIÓN [main] org.apache.catalina.core.StandardService.startInternal Arrancando servicio [Catalina]
21-Dec-2021 19:15:13.065 INFORMACIÓN [main] org.apache.catalina.core.StandardEngine.startInternal Starting Servlet engine: [Apache Tomcat/9.0.56]
21-Dec-2021 19:15:13.077 INFORMACIÓN [main] org.apache.catalina.startup.HostConfig.deployDirectory Desplegando el directorio [C:\Users\jeiso\Documents\WEB-UFPS\apache-tomcat-9.0.56\webapps\docs] de la aplicación web
21-Dec-2021 19:15:13.521 ADVERTENCIA [main] org.apache.catalina.util.SessionIdGeneratorBase.createSecureRandom Creation of SecureRandom instance for session ID generation using [SHA1PRNG] took [172] milliseconds.
21-Dec-2021 19:15:13.543 INFORMACIÓN [main] org.apache.catalina.startup.HostConfig.deployDirectory Deployment of web application directory [C:\Users\jeiso\Documents\WEB-UFPS\apache-tomcat-9.0.56\webapps\docs] has finished in [466] ms
21-Dec-2021 19:15:13.543 INFORMACIÓN [main] org.apache.catalina.startup.HostConfig.deployDirectory Desplegando el directorio [C:\Users\jeiso\Documents\WEB-UFPS\apache-tomcat-9.0.56\webapps\examples] de la aplicación web
21-Dec-2021 19:15:14.017 INFORMACIÓN [main] org.apache.catalina.startup.HostConfig.deployDirectory Deployment of web application directory [C:\Users\jeiso\Documents\WEB-UFPS\apache-tomcat-9.0.56\webapps\examples] has finished in [474] ms
21-Dec-2021 19:15:14.017 INFORMACIÓN [main] org.apache.catalina.startup.HostConfig.deployDirectory Desplegando el directorio [C:\Users\jeiso\Documents\WEB-UFPS\apache-tomcat-9.0.56\webapps\host-manager] de la aplicación web
21-Dec-2021 19:15:14.060 INFORMACIÓN [main] org.apache.catalina.startup.HostConfig.deployDirectory Deployment of web application directory [C:\Users\jeiso\Documents\WEB-UFPS\apache-tomcat-9.0.56\webapps\host-manager] has finished in [43] ms
21-Dec-2021 19:15:14.060 INFORMACIÓN [main] org.apache.catalina.startup.HostConfig.deployDirectory Desplegando el directorio [C:\Users\jeiso\Documents\WEB-UFPS\apache-tomcat-9.0.56\webapps\manager] de la aplicación web
21-Dec-2021 19:15:14.102 INFORMACIÓN [main] org.apache.catalina.startup.HostConfig.deployDirectory Deployment of web application directory [C:\Users\jeiso\Documents\WEB-UFPS\apache-tomcat-9.0.56\webapps\manager] has finished in [42] ms
21-Dec-2021 19:15:14.102 INFORMACIÓN [main] org.apache.catalina.startup.HostConfig.deployDirectory Desplegando el directorio [C:\Users\jeiso\Documents\WEB-UFPS\apache-tomcat-9.0.56\webapps\ROOT] de la aplicación web
21-Dec-2021 19:15:14.128 INFORMACIÓN [main] org.apache.catalina.startup.HostConfig.deployDirectory Deployment of web application directory [C:\Users\jeiso\Documents\WEB-UFPS\apache-tomcat-9.0.56\webapps\ROOT] has finished in [26] ms
21-Dec-2021 19:15:14.145 INFORMACIÓN [main] org.apache.coyote.AbstractProtocol.start Starting ProtocolHandler ["http-nio-8080"]
21-Dec-2021 19:15:14.162 INFORMACIÓN [main] org.apache.catalina.startup.Catalina.start Server startup in [1127] milliseconds
21-Dec-2021 19:19:05.093 ADVERTENCIA [http-nio-8080-exec-5] org.apache.catalina.realm.LockOutRealm.filterLockedAccounts Se ha intentado autenticar al usuario bloqueado [admin]
21-Dec-2021 19:20:54.636 INFORMACIÓN [Catalina-utility-1] org.apache.catalina.users.MemoryUserDatabase.backgroundProcess Reloading memory user database [UserDatabase] from updated source [file:/C:/Users/jeiso/Documents/WEB-UFPS/apache-tomcat-9.0.56/conf/tomcat-users.xml]
21-Dec-2021 19:20:54.648 GRAVE [Catalina-utility-1] org.apache.tomcat.util.digester.Digester.fatalError Parse fatal error at line [39] column [36]
	org.xml.sax.SAXParseException; lineNumber: 39; columnNumber: 36; El valor del atributo "password" asociado a un tipo de elemento "user" no debe contener el carácter '<'.
		at com.sun.org.apache.xerces.internal.util.ErrorHandlerWrapper.createSAXParseException(ErrorHandlerWrapper.java:204)
		at com.sun.org.apache.xerces.internal.util.ErrorHandlerWrapper.fatalError(ErrorHandlerWrapper.java:178)
		at com.sun.org.apache.xerces.internal.impl.XMLErrorReporter.reportError(XMLErrorReporter.java:400)
		at com.sun.org.apache.xerces.internal.impl.XMLErrorReporter.reportError(XMLErrorReporter.java:327)
		at com.sun.org.apache.xerces.internal.impl.XMLScanner.reportFatalError(XMLScanner.java:1472)
		at com.sun.org.apache.xerces.internal.impl.XMLScanner.scanAttributeValue(XMLScanner.java:944)
		at com.sun.org.apache.xerces.internal.impl.XMLDocumentFragmentScannerImpl.scanAttribute(XMLDocumentFragmentScannerImpl.java:1550)
		at com.sun.org.apache.xerces.internal.impl.XMLDocumentFragmentScannerImpl.scanStartElement(XMLDocumentFragmentScannerImpl.java:1317)
		at com.sun.org.apache.xerces.internal.impl.XMLDocumentFragmentScannerImpl$FragmentContentDriver.next(XMLDocumentFragmentScannerImpl.java:2786)
		at com.sun.org.apache.xerces.internal.impl.XMLDocumentScannerImpl.next(XMLDocumentScannerImpl.java:605)
		at com.sun.org.apache.xerces.internal.impl.XMLDocumentFragmentScannerImpl.scanDocument(XMLDocumentFragmentScannerImpl.java:507)
		at com.sun.org.apache.xerces.internal.parsers.XML11Configuration.parse(XML11Configuration.java:867)
		at com.sun.org.apache.xerces.internal.parsers.XML11Configuration.parse(XML11Configuration.java:796)
		at com.sun.org.apache.xerces.internal.parsers.XMLParser.parse(XMLParser.java:142)
		at com.sun.org.apache.xerces.internal.parsers.AbstractSAXParser.parse(AbstractSAXParser.java:1216)
		at com.sun.org.apache.xerces.internal.jaxp.SAXParserImpl$JAXPSAXParser.parse(SAXParserImpl.java:644)
		at org.apache.tomcat.util.digester.Digester.parse(Digester.java:1552)
		at org.apache.catalina.users.MemoryUserDatabase.open(MemoryUserDatabase.java:446)
		at org.apache.catalina.users.MemoryUserDatabase.backgroundProcess(MemoryUserDatabase.java:674)
		at org.apache.catalina.realm.UserDatabaseRealm.backgroundProcess(UserDatabaseRealm.java:146)
		at org.apache.catalina.realm.CombinedRealm.backgroundProcess(CombinedRealm.java:301)
		at org.apache.catalina.core.ContainerBase.backgroundProcess(ContainerBase.java:1148)
		at org.apache.catalina.core.ContainerBase$ContainerBackgroundProcessor.processChildren(ContainerBase.java:1365)
		at org.apache.catalina.core.ContainerBase$ContainerBackgroundProcessor.run(ContainerBase.java:1347)
		at java.util.concurrent.Executors$RunnableAdapter.call(Executors.java:511)
		at java.util.concurrent.FutureTask.runAndReset(FutureTask.java:308)
		at java.util.concurrent.ScheduledThreadPoolExecutor$ScheduledFutureTask.access$301(ScheduledThreadPoolExecutor.java:180)
		at java.util.concurrent.ScheduledThreadPoolExecutor$ScheduledFutureTask.run(ScheduledThreadPoolExecutor.java:294)
		at java.util.concurrent.ThreadPoolExecutor.runWorker(ThreadPoolExecutor.java:1149)
		at java.util.concurrent.ThreadPoolExecutor$Worker.run(ThreadPoolExecutor.java:624)
		at org.apache.tomcat.util.threads.TaskThread$WrappingRunnable.run(TaskThread.java:61)
		at java.lang.Thread.run(Thread.java:748)
21-Dec-2021 19:20:54.648 GRAVE [Catalina-utility-1] org.apache.catalina.users.MemoryUserDatabase.backgroundProcess Error reloading memory user database [UserDatabase] from updated source [file:/C:/Users/jeiso/Documents/WEB-UFPS/apache-tomcat-9.0.56/conf/tomcat-users.xml]
	org.xml.sax.SAXParseException; lineNumber: 39; columnNumber: 36; El valor del atributo "password" asociado a un tipo de elemento "user" no debe contener el carácter '<'.
		at com.sun.org.apache.xerces.internal.parsers.AbstractSAXParser.parse(AbstractSAXParser.java:1243)
		at com.sun.org.apache.xerces.internal.jaxp.SAXParserImpl$JAXPSAXParser.parse(SAXParserImpl.java:644)
		at org.apache.tomcat.util.digester.Digester.parse(Digester.java:1552)
		at org.apache.catalina.users.MemoryUserDatabase.open(MemoryUserDatabase.java:446)
		at org.apache.catalina.users.MemoryUserDatabase.backgroundProcess(MemoryUserDatabase.java:674)
		at org.apache.catalina.realm.UserDatabaseRealm.backgroundProcess(UserDatabaseRealm.java:146)
		at org.apache.catalina.realm.CombinedRealm.backgroundProcess(CombinedRealm.java:301)
		at org.apache.catalina.core.ContainerBase.backgroundProcess(ContainerBase.java:1148)
		at org.apache.catalina.core.ContainerBase$ContainerBackgroundProcessor.processChildren(ContainerBase.java:1365)
		at org.apache.catalina.core.ContainerBase$ContainerBackgroundProcessor.run(ContainerBase.java:1347)
		at java.util.concurrent.Executors$RunnableAdapter.call(Executors.java:511)
		at java.util.concurrent.FutureTask.runAndReset(FutureTask.java:308)
		at java.util.concurrent.ScheduledThreadPoolExecutor$ScheduledFutureTask.access$301(ScheduledThreadPoolExecutor.java:180)
		at java.util.concurrent.ScheduledThreadPoolExecutor$ScheduledFutureTask.run(ScheduledThreadPoolExecutor.java:294)
		at java.util.concurrent.ThreadPoolExecutor.runWorker(ThreadPoolExecutor.java:1149)
		at java.util.concurrent.ThreadPoolExecutor$Worker.run(ThreadPoolExecutor.java:624)
		at org.apache.tomcat.util.threads.TaskThread$WrappingRunnable.run(TaskThread.java:61)
		at java.lang.Thread.run(Thread.java:748)
21-Dec-2021 19:21:14.686 INFORMACIÓN [Catalina-utility-2] org.apache.catalina.users.MemoryUserDatabase.backgroundProcess Reloading memory user database [UserDatabase] from updated source [file:/C:/Users/jeiso/Documents/WEB-UFPS/apache-tomcat-9.0.56/conf/tomcat-users.xml]
21-Dec-2021 19:21:14.690 GRAVE [Catalina-utility-2] org.apache.tomcat.util.digester.Digester.fatalError Parse fatal error at line [39] column [36]
	org.xml.sax.SAXParseException; lineNumber: 39; columnNumber: 36; El valor del atributo "password" asociado a un tipo de elemento "user" no debe contener el carácter '<'.
		at com.sun.org.apache.xerces.internal.util.ErrorHandlerWrapper.createSAXParseException(ErrorHandlerWrapper.java:204)
		at com.sun.org.apache.xerces.internal.util.ErrorHandlerWrapper.fatalError(ErrorHandlerWrapper.java:178)
		at com.sun.org.apache.xerces.internal.impl.XMLErrorReporter.reportError(XMLErrorReporter.java:400)
		at com.sun.org.apache.xerces.internal.impl.XMLErrorReporter.reportError(XMLErrorReporter.java:327)
		at com.sun.org.apache.xerces.internal.impl.XMLScanner.reportFatalError(XMLScanner.java:1472)
		at com.sun.org.apache.xerces.internal.impl.XMLScanner.scanAttributeValue(XMLScanner.java:944)
		at com.sun.org.apache.xerces.internal.impl.XMLDocumentFragmentScannerImpl.scanAttribute(XMLDocumentFragmentScannerImpl.java:1550)
		at com.sun.org.apache.xerces.internal.impl.XMLDocumentFragmentScannerImpl.scanStartElement(XMLDocumentFragmentScannerImpl.java:1317)
		at com.sun.org.apache.xerces.internal.impl.XMLDocumentFragmentScannerImpl$FragmentContentDriver.next(XMLDocumentFragmentScannerImpl.java:2786)
		at com.sun.org.apache.xerces.internal.impl.XMLDocumentScannerImpl.next(XMLDocumentScannerImpl.java:605)
		at com.sun.org.apache.xerces.internal.impl.XMLDocumentFragmentScannerImpl.scanDocument(XMLDocumentFragmentScannerImpl.java:507)
		at com.sun.org.apache.xerces.internal.parsers.XML11Configuration.parse(XML11Configuration.java:867)
		at com.sun.org.apache.xerces.internal.parsers.XML11Configuration.parse(XML11Configuration.java:796)
		at com.sun.org.apache.xerces.internal.parsers.XMLParser.parse(XMLParser.java:142)
		at com.sun.org.apache.xerces.internal.parsers.AbstractSAXParser.parse(AbstractSAXParser.java:1216)
		at com.sun.org.apache.xerces.internal.jaxp.SAXParserImpl$JAXPSAXParser.parse(SAXParserImpl.java:644)
		at org.apache.tomcat.util.digester.Digester.parse(Digester.java:1552)
		at org.apache.catalina.users.MemoryUserDatabase.open(MemoryUserDatabase.java:446)
		at org.apache.catalina.users.MemoryUserDatabase.backgroundProcess(MemoryUserDatabase.java:674)
		at org.apache.catalina.realm.UserDatabaseRealm.backgroundProcess(UserDatabaseRealm.java:146)
		at org.apache.catalina.realm.CombinedRealm.backgroundProcess(CombinedRealm.java:301)
		at org.apache.catalina.core.ContainerBase.backgroundProcess(ContainerBase.java:1148)
		at org.apache.catalina.core.ContainerBase$ContainerBackgroundProcessor.processChildren(ContainerBase.java:1365)
		at org.apache.catalina.core.ContainerBase$ContainerBackgroundProcessor.run(ContainerBase.java:1347)
		at java.util.concurrent.Executors$RunnableAdapter.call(Executors.java:511)
		at java.util.concurrent.FutureTask.runAndReset(FutureTask.java:308)
		at java.util.concurrent.ScheduledThreadPoolExecutor$ScheduledFutureTask.access$301(ScheduledThreadPoolExecutor.java:180)
		at java.util.concurrent.ScheduledThreadPoolExecutor$ScheduledFutureTask.run(ScheduledThreadPoolExecutor.java:294)
		at java.util.concurrent.ThreadPoolExecutor.runWorker(ThreadPoolExecutor.java:1149)
		at java.util.concurrent.ThreadPoolExecutor$Worker.run(ThreadPoolExecutor.java:624)
		at org.apache.tomcat.util.threads.TaskThread$WrappingRunnable.run(TaskThread.java:61)
		at java.lang.Thread.run(Thread.java:748)
21-Dec-2021 19:21:14.690 GRAVE [Catalina-utility-2] org.apache.catalina.users.MemoryUserDatabase.backgroundProcess Error reloading memory user database [UserDatabase] from updated source [file:/C:/Users/jeiso/Documents/WEB-UFPS/apache-tomcat-9.0.56/conf/tomcat-users.xml]
	org.xml.sax.SAXParseException; lineNumber: 39; columnNumber: 36; El valor del atributo "password" asociado a un tipo de elemento "user" no debe contener el carácter '<'.
		at com.sun.org.apache.xerces.internal.parsers.AbstractSAXParser.parse(AbstractSAXParser.java:1243)
		at com.sun.org.apache.xerces.internal.jaxp.SAXParserImpl$JAXPSAXParser.parse(SAXParserImpl.java:644)
		at org.apache.tomcat.util.digester.Digester.parse(Digester.java:1552)
		at org.apache.catalina.users.MemoryUserDatabase.open(MemoryUserDatabase.java:446)
		at org.apache.catalina.users.MemoryUserDatabase.backgroundProcess(MemoryUserDatabase.java:674)
		at org.apache.catalina.realm.UserDatabaseRealm.backgroundProcess(UserDatabaseRealm.java:146)
		at org.apache.catalina.realm.CombinedRealm.backgroundProcess(CombinedRealm.java:301)
		at org.apache.catalina.core.ContainerBase.backgroundProcess(ContainerBase.java:1148)
		at org.apache.catalina.core.ContainerBase$ContainerBackgroundProcessor.processChildren(ContainerBase.java:1365)
		at org.apache.catalina.core.ContainerBase$ContainerBackgroundProcessor.run(ContainerBase.java:1347)
		at java.util.concurrent.Executors$RunnableAdapter.call(Executors.java:511)
		at java.util.concurrent.FutureTask.runAndReset(FutureTask.java:308)
		at java.util.concurrent.ScheduledThreadPoolExecutor$ScheduledFutureTask.access$301(ScheduledThreadPoolExecutor.java:180)
		at java.util.concurrent.ScheduledThreadPoolExecutor$ScheduledFutureTask.run(ScheduledThreadPoolExecutor.java:294)
		at java.util.concurrent.ThreadPoolExecutor.runWorker(ThreadPoolExecutor.java:1149)
		at java.util.concurrent.ThreadPoolExecutor$Worker.run(ThreadPoolExecutor.java:624)
		at org.apache.tomcat.util.threads.TaskThread$WrappingRunnable.run(TaskThread.java:61)
		at java.lang.Thread.run(Thread.java:748)
21-Dec-2021 19:21:48.368 ADVERTENCIA [http-nio-8080-exec-5] org.apache.catalina.realm.LockOutRealm.filterLockedAccounts Se ha intentado autenticar al usuario bloqueado [admin]
21-Dec-2021 19:22:00.147 ADVERTENCIA [http-nio-8080-exec-6] org.apache.catalina.realm.LockOutRealm.filterLockedAccounts Se ha intentado autenticar al usuario bloqueado [admin]
21-Dec-2021 19:22:01.737 ADVERTENCIA [http-nio-8080-exec-7] org.apache.catalina.realm.LockOutRealm.filterLockedAccounts Se ha intentado autenticar al usuario bloqueado [admin]
21-Dec-2021 19:22:10.421 ADVERTENCIA [http-nio-8080-exec-5] org.apache.catalina.realm.LockOutRealm.filterLockedAccounts Se ha intentado autenticar al usuario bloqueado [admin]
21-Dec-2021 19:22:34.475 ADVERTENCIA [http-nio-8080-exec-4] org.apache.catalina.realm.LockOutRealm.filterLockedAccounts Se ha intentado autenticar al usuario bloqueado [admin]
21-Dec-2021 19:24:24.971 INFORMACIÓN [Catalina-utility-2] org.apache.catalina.users.MemoryUserDatabase.backgroundProcess Reloading memory user database [UserDatabase] from updated source [file:/C:/Users/jeiso/Documents/WEB-UFPS/apache-tomcat-9.0.56/conf/tomcat-users.xml]
21-Dec-2021 19:24:24.980 GRAVE [Catalina-utility-2] org.apache.tomcat.util.digester.Digester.fatalError Parse fatal error at line [40] column [36]
	org.xml.sax.SAXParseException; lineNumber: 40; columnNumber: 36; El valor del atributo "password" asociado a un tipo de elemento "user" no debe contener el carácter '<'.
		at com.sun.org.apache.xerces.internal.util.ErrorHandlerWrapper.createSAXParseException(ErrorHandlerWrapper.java:204)
		at com.sun.org.apache.xerces.internal.util.ErrorHandlerWrapper.fatalError(ErrorHandlerWrapper.java:178)
		at com.sun.org.apache.xerces.internal.impl.XMLErrorReporter.reportError(XMLErrorReporter.java:400)
		at com.sun.org.apache.xerces.internal.impl.XMLErrorReporter.reportError(XMLErrorReporter.java:327)
		at com.sun.org.apache.xerces.internal.impl.XMLScanner.reportFatalError(XMLScanner.java:1472)
		at com.sun.org.apache.xerces.internal.impl.XMLScanner.scanAttributeValue(XMLScanner.java:944)
		at com.sun.org.apache.xerces.internal.impl.XMLDocumentFragmentScannerImpl.scanAttribute(XMLDocumentFragmentScannerImpl.java:1550)
		at com.sun.org.apache.xerces.internal.impl.XMLDocumentFragmentScannerImpl.scanStartElement(XMLDocumentFragmentScannerImpl.java:1317)
		at com.sun.org.apache.xerces.internal.impl.XMLDocumentFragmentScannerImpl$FragmentContentDriver.next(XMLDocumentFragmentScannerImpl.java:2786)
		at com.sun.org.apache.xerces.internal.impl.XMLDocumentScannerImpl.next(XMLDocumentScannerImpl.java:605)
		at com.sun.org.apache.xerces.internal.impl.XMLDocumentFragmentScannerImpl.scanDocument(XMLDocumentFragmentScannerImpl.java:507)
		at com.sun.org.apache.xerces.internal.parsers.XML11Configuration.parse(XML11Configuration.java:867)
		at com.sun.org.apache.xerces.internal.parsers.XML11Configuration.parse(XML11Configuration.java:796)
		at com.sun.org.apache.xerces.internal.parsers.XMLParser.parse(XMLParser.java:142)
		at com.sun.org.apache.xerces.internal.parsers.AbstractSAXParser.parse(AbstractSAXParser.java:1216)
		at com.sun.org.apache.xerces.internal.jaxp.SAXParserImpl$JAXPSAXParser.parse(SAXParserImpl.java:644)
		at org.apache.tomcat.util.digester.Digester.parse(Digester.java:1552)
		at org.apache.catalina.users.MemoryUserDatabase.open(MemoryUserDatabase.java:446)
		at org.apache.catalina.users.MemoryUserDatabase.backgroundProcess(MemoryUserDatabase.java:674)
		at org.apache.catalina.realm.UserDatabaseRealm.backgroundProcess(UserDatabaseRealm.java:146)
		at org.apache.catalina.realm.CombinedRealm.backgroundProcess(CombinedRealm.java:301)
		at org.apache.catalina.core.ContainerBase.backgroundProcess(ContainerBase.java:1148)
		at org.apache.catalina.core.ContainerBase$ContainerBackgroundProcessor.processChildren(ContainerBase.java:1365)
		at org.apache.catalina.core.ContainerBase$ContainerBackgroundProcessor.run(ContainerBase.java:1347)
		at java.util.concurrent.Executors$RunnableAdapter.call(Executors.java:511)
		at java.util.concurrent.FutureTask.runAndReset(FutureTask.java:308)
		at java.util.concurrent.ScheduledThreadPoolExecutor$ScheduledFutureTask.access$301(ScheduledThreadPoolExecutor.java:180)
		at java.util.concurrent.ScheduledThreadPoolExecutor$ScheduledFutureTask.run(ScheduledThreadPoolExecutor.java:294)
		at java.util.concurrent.ThreadPoolExecutor.runWorker(ThreadPoolExecutor.java:1149)
		at java.util.concurrent.ThreadPoolExecutor$Worker.run(ThreadPoolExecutor.java:624)
		at org.apache.tomcat.util.threads.TaskThread$WrappingRunnable.run(TaskThread.java:61)
		at java.lang.Thread.run(Thread.java:748)
21-Dec-2021 19:24:24.981 GRAVE [Catalina-utility-2] org.apache.catalina.users.MemoryUserDatabase.backgroundProcess Error reloading memory user database [UserDatabase] from updated source [file:/C:/Users/jeiso/Documents/WEB-UFPS/apache-tomcat-9.0.56/conf/tomcat-users.xml]
	org.xml.sax.SAXParseException; lineNumber: 40; columnNumber: 36; El valor del atributo "password" asociado a un tipo de elemento "user" no debe contener el carácter '<'.
		at com.sun.org.apache.xerces.internal.parsers.AbstractSAXParser.parse(AbstractSAXParser.java:1243)
		at com.sun.org.apache.xerces.internal.jaxp.SAXParserImpl$JAXPSAXParser.parse(SAXParserImpl.java:644)
		at org.apache.tomcat.util.digester.Digester.parse(Digester.java:1552)
		at org.apache.catalina.users.MemoryUserDatabase.open(MemoryUserDatabase.java:446)
		at org.apache.catalina.users.MemoryUserDatabase.backgroundProcess(MemoryUserDatabase.java:674)
		at org.apache.catalina.realm.UserDatabaseRealm.backgroundProcess(UserDatabaseRealm.java:146)
		at org.apache.catalina.realm.CombinedRealm.backgroundProcess(CombinedRealm.java:301)
		at org.apache.catalina.core.ContainerBase.backgroundProcess(ContainerBase.java:1148)
		at org.apache.catalina.core.ContainerBase$ContainerBackgroundProcessor.processChildren(ContainerBase.java:1365)
		at org.apache.catalina.core.ContainerBase$ContainerBackgroundProcessor.run(ContainerBase.java:1347)
		at java.util.concurrent.Executors$RunnableAdapter.call(Executors.java:511)
		at java.util.concurrent.FutureTask.runAndReset(FutureTask.java:308)
		at java.util.concurrent.ScheduledThreadPoolExecutor$ScheduledFutureTask.access$301(ScheduledThreadPoolExecutor.java:180)
		at java.util.concurrent.ScheduledThreadPoolExecutor$ScheduledFutureTask.run(ScheduledThreadPoolExecutor.java:294)
		at java.util.concurrent.ThreadPoolExecutor.runWorker(ThreadPoolExecutor.java:1149)
		at java.util.concurrent.ThreadPoolExecutor$Worker.run(ThreadPoolExecutor.java:624)
		at org.apache.tomcat.util.threads.TaskThread$WrappingRunnable.run(TaskThread.java:61)
		at java.lang.Thread.run(Thread.java:748)
21-Dec-2021 19:25:10.319 ADVERTENCIA [http-nio-8080-exec-5] org.apache.catalina.realm.LockOutRealm.filterLockedAccounts Se ha intentado autenticar al usuario bloqueado [admin]
21-Dec-2021 19:25:15.478 ADVERTENCIA [http-nio-8080-exec-9] org.apache.catalina.realm.LockOutRealm.filterLockedAccounts Se ha intentado autenticar al usuario bloqueado [admin]
21-Dec-2021 19:25:34.303 ADVERTENCIA [http-nio-8080-exec-6] org.apache.catalina.realm.LockOutRealm.filterLockedAccounts Se ha intentado autenticar al usuario bloqueado [admin]
21-Dec-2021 19:25:35.620 ADVERTENCIA [http-nio-8080-exec-10] org.apache.catalina.realm.LockOutRealm.filterLockedAccounts Se ha intentado autenticar al usuario bloqueado [admin]
21-Dec-2021 19:25:35.628 ADVERTENCIA [http-nio-8080-exec-1] org.apache.catalina.realm.LockOutRealm.filterLockedAccounts Se ha intentado autenticar al usuario bloqueado [admin]
21-Dec-2021 19:27:15.220 INFORMACIÓN [Catalina-utility-1] org.apache.catalina.users.MemoryUserDatabase.backgroundProcess Reloading memory user database [UserDatabase] from updated source [file:/C:/Users/jeiso/Documents/WEB-UFPS/apache-tomcat-9.0.56/conf/tomcat-users.xml]
21-Dec-2021 19:27:45.270 INFORMACIÓN [Catalina-utility-1] org.apache.catalina.users.MemoryUserDatabase.backgroundProcess Reloading memory user database [UserDatabase] from updated source [file:/C:/Users/jeiso/Documents/WEB-UFPS/apache-tomcat-9.0.56/conf/tomcat-users.xml]
21-Dec-2021 19:30:23.796 ADVERTENCIA [http-nio-8080-exec-5] org.apache.catalina.realm.LockOutRealm.filterLockedAccounts Se ha intentado autenticar al usuario bloqueado [admin]
21-Dec-2021 19:30:34.820 ADVERTENCIA [http-nio-8080-exec-5] org.apache.catalina.realm.LockOutRealm.filterLockedAccounts Se ha intentado autenticar al usuario bloqueado [admin]
21-Dec-2021 19:30:41.149 INFORMACIÓN [http-nio-8080-exec-8] org.apache.catalina.startup.HostConfig.deployDescriptor Desplieque del descriptor de configuración [C:\Users\jeiso\Documents\WEB-UFPS\apache-tomcat-9.0.56\conf\Catalina\localhost\Examen-PGWEB.xml]
21-Dec-2021 19:30:41.150 ADVERTENCIA [http-nio-8080-exec-8] org.apache.catalina.startup.HostConfig.deployDescriptor The path attribute with value [/Examen-PGWEB] in deployment descriptor [C:\Users\jeiso\Documents\WEB-UFPS\apache-tomcat-9.0.56\conf\Catalina\localhost\Examen-PGWEB.xml] has been ignored
21-Dec-2021 19:30:42.502 INFORMACIÓN [http-nio-8080-exec-8] org.apache.jasper.servlet.TldScanner.scanJars Al menos un JAR, que se ha explorado buscando TLDs, aún no contenía TLDs. Activar historial de depuración para este historiador para una completa lista de los JARs que fueron explorados y de los que nos se halló TLDs. Saltarse JARs no necesarios durante la exploración puede dar lugar a una mejora de tiempo significativa en el arranque y compilación de JSP .
21-Dec-2021 19:30:42.509 INFORMACIÓN [http-nio-8080-exec-8] org.apache.catalina.startup.HostConfig.deployDescriptor Deployment of deployment descriptor [C:\Users\jeiso\Documents\WEB-UFPS\apache-tomcat-9.0.56\conf\Catalina\localhost\Examen-PGWEB.xml] has finished in [1.361] ms
21-Dec-2021 19:30:42.515 INFORMACIÓN [http-nio-8080-exec-5] org.apache.catalina.util.LifecycleBase.start The start() method was called on component [StandardEngine[Catalina].StandardHost[localhost].StandardContext[/Examen-PGWEB]] after start() had already been called. The second call will be ignored.
21-Dec-2021 20:35:49.802 INFORMACIÓN [http-nio-8080-exec-6] org.apache.catalina.core.StandardContext.reload Ha comenzado la recarga de Contexto [/Examen-PGWEB]
21-Dec-2021 20:35:52.917 INFORMACIÓN [http-nio-8080-exec-6] org.apache.jasper.servlet.TldScanner.scanJars Al menos un JAR, que se ha explorado buscando TLDs, aún no contenía TLDs. Activar historial de depuración para este historiador para una completa lista de los JARs que fueron explorados y de los que nos se halló TLDs. Saltarse JARs no necesarios durante la exploración puede dar lugar a una mejora de tiempo significativa en el arranque y compilación de JSP .
21-Dec-2021 20:35:52.927 INFORMACIÓN [http-nio-8080-exec-6] org.apache.catalina.core.StandardContext.reload Se ha completado la recarga de este Contexto
21-Dec-2021 20:35:52.986 INFORMACIÓN [http-nio-8080-exec-7] org.apache.catalina.core.StandardContext.reload Ha comenzado la recarga de Contexto [/Examen-PGWEB]
21-Dec-2021 20:35:55.400 INFORMACIÓN [http-nio-8080-exec-7] org.apache.jasper.servlet.TldScanner.scanJars Al menos un JAR, que se ha explorado buscando TLDs, aún no contenía TLDs. Activar historial de depuración para este historiador para una completa lista de los JARs que fueron explorados y de los que nos se halló TLDs. Saltarse JARs no necesarios durante la exploración puede dar lugar a una mejora de tiempo significativa en el arranque y compilación de JSP .
21-Dec-2021 20:35:55.409 INFORMACIÓN [http-nio-8080-exec-7] org.apache.catalina.core.StandardContext.reload Se ha completado la recarga de este Contexto
21-Dec-2021 20:38:25.941 INFORMACIÓN [http-nio-8080-exec-17] org.apache.catalina.core.StandardContext.reload Ha comenzado la recarga de Contexto [/Examen-PGWEB]
21-Dec-2021 20:38:28.523 INFORMACIÓN [http-nio-8080-exec-17] org.apache.jasper.servlet.TldScanner.scanJars Al menos un JAR, que se ha explorado buscando TLDs, aún no contenía TLDs. Activar historial de depuración para este historiador para una completa lista de los JARs que fueron explorados y de los que nos se halló TLDs. Saltarse JARs no necesarios durante la exploración puede dar lugar a una mejora de tiempo significativa en el arranque y compilación de JSP .
21-Dec-2021 20:38:28.531 INFORMACIÓN [http-nio-8080-exec-17] org.apache.catalina.core.StandardContext.reload Se ha completado la recarga de este Contexto
21-Dec-2021 20:47:11.857 INFORMACIÓN [http-nio-8080-exec-21] org.apache.catalina.core.StandardContext.reload Ha comenzado la recarga de Contexto [/Examen-PGWEB]
21-Dec-2021 20:47:13.980 INFORMACIÓN [http-nio-8080-exec-21] org.apache.jasper.servlet.TldScanner.scanJars Al menos un JAR, que se ha explorado buscando TLDs, aún no contenía TLDs. Activar historial de depuración para este historiador para una completa lista de los JARs que fueron explorados y de los que nos se halló TLDs. Saltarse JARs no necesarios durante la exploración puede dar lugar a una mejora de tiempo significativa en el arranque y compilación de JSP .
21-Dec-2021 20:47:13.988 INFORMACIÓN [http-nio-8080-exec-21] org.apache.catalina.core.StandardContext.reload Se ha completado la recarga de este Contexto
21-Dec-2021 21:20:06.487 INFORMACIÓN [http-nio-8080-exec-31] org.apache.catalina.core.StandardContext.reload Ha comenzado la recarga de Contexto [/Examen-PGWEB]
21-Dec-2021 21:20:08.812 INFORMACIÓN [http-nio-8080-exec-31] org.apache.jasper.servlet.TldScanner.scanJars Al menos un JAR, que se ha explorado buscando TLDs, aún no contenía TLDs. Activar historial de depuración para este historiador para una completa lista de los JARs que fueron explorados y de los que nos se halló TLDs. Saltarse JARs no necesarios durante la exploración puede dar lugar a una mejora de tiempo significativa en el arranque y compilación de JSP .
21-Dec-2021 21:20:08.818 INFORMACIÓN [http-nio-8080-exec-31] org.apache.catalina.core.StandardContext.reload Se ha completado la recarga de este Contexto
21-Dec-2021 21:20:08.899 INFORMACIÓN [http-nio-8080-exec-30] org.apache.catalina.core.StandardContext.reload Ha comenzado la recarga de Contexto [/Examen-PGWEB]
21-Dec-2021 21:20:11.107 INFORMACIÓN [http-nio-8080-exec-30] org.apache.jasper.servlet.TldScanner.scanJars Al menos un JAR, que se ha explorado buscando TLDs, aún no contenía TLDs. Activar historial de depuración para este historiador para una completa lista de los JARs que fueron explorados y de los que nos se halló TLDs. Saltarse JARs no necesarios durante la exploración puede dar lugar a una mejora de tiempo significativa en el arranque y compilación de JSP .
21-Dec-2021 21:20:11.113 INFORMACIÓN [http-nio-8080-exec-30] org.apache.catalina.core.StandardContext.reload Se ha completado la recarga de este Contexto
21-Dec-2021 21:20:12.517 INFORMACIÓN [http-nio-8080-exec-38] org.apache.catalina.core.StandardContext.reload Ha comenzado la recarga de Contexto [/Examen-PGWEB]
21-Dec-2021 21:20:14.529 INFORMACIÓN [http-nio-8080-exec-38] org.apache.jasper.servlet.TldScanner.scanJars Al menos un JAR, que se ha explorado buscando TLDs, aún no contenía TLDs. Activar historial de depuración para este historiador para una completa lista de los JARs que fueron explorados y de los que nos se halló TLDs. Saltarse JARs no necesarios durante la exploración puede dar lugar a una mejora de tiempo significativa en el arranque y compilación de JSP .
21-Dec-2021 21:20:14.533 INFORMACIÓN [http-nio-8080-exec-38] org.apache.catalina.core.StandardContext.reload Se ha completado la recarga de este Contexto
