23-Dec-2021 00:00:18.876 INFORMACIÓN [http-nio-8080-exec-428] org.apache.catalina.core.ApplicationContext.log Manager: list: Listing contexts for virtual host 'localhost'
23-Dec-2021 00:00:58.686 INFORMACIÓN [http-nio-8080-exec-434] org.apache.catalina.core.ApplicationContext.log Manager: list: Listing contexts for virtual host 'localhost'
23-Dec-2021 00:01:23.045 INFORMACIÓN [http-nio-8080-exec-427] org.apache.catalina.core.ApplicationContext.log Manager: list: Listing contexts for virtual host 'localhost'
23-Dec-2021 00:01:24.541 INFORMACIÓN [http-nio-8080-exec-431] org.apache.catalina.core.ApplicationContext.log Manager: list: Listing contexts for virtual host 'localhost'
23-Dec-2021 00:01:34.637 INFORMACIÓN [http-nio-8080-exec-430] org.apache.catalina.core.ApplicationContext.log Manager: list: Listing contexts for virtual host 'localhost'
23-Dec-2021 00:01:41.565 INFORMACIÓN [http-nio-8080-exec-432] org.apache.catalina.core.ApplicationContext.log Manager: list: Listing contexts for virtual host 'localhost'
23-Dec-2021 00:01:45.877 INFORMACIÓN [http-nio-8080-exec-430] org.apache.catalina.core.ApplicationContext.log Manager: list: Listing contexts for virtual host 'localhost'
23-Dec-2021 00:01:56.814 INFORMACIÓN [http-nio-8080-exec-435] org.apache.catalina.core.ApplicationContext.log Manager: list: Listing contexts for virtual host 'localhost'
23-Dec-2021 00:03:01.013 INFORMACIÓN [http-nio-8080-exec-427] org.apache.catalina.core.ApplicationContext.log Manager: list: Listing contexts for virtual host 'localhost'
23-Dec-2021 00:03:32.952 INFORMACIÓN [http-nio-8080-exec-434] org.apache.catalina.core.ApplicationContext.log Manager: list: Listing contexts for virtual host 'localhost'
23-Dec-2021 00:03:43.530 INFORMACIÓN [http-nio-8080-exec-436] org.apache.catalina.core.ApplicationContext.log Manager: list: Listing contexts for virtual host 'localhost'
23-Dec-2021 00:05:14.669 INFORMACIÓN [http-nio-8080-exec-432] org.apache.catalina.core.ApplicationContext.log Manager: list: Listing contexts for virtual host 'localhost'
23-Dec-2021 00:05:51.881 INFORMACIÓN [http-nio-8080-exec-435] org.apache.catalina.core.ApplicationContext.log Manager: list: Listing contexts for virtual host 'localhost'
23-Dec-2021 00:07:18.128 INFORMACIÓN [http-nio-8080-exec-435] org.apache.catalina.core.ApplicationContext.log Manager: list: Listing contexts for virtual host 'localhost'
23-Dec-2021 00:08:01.854 INFORMACIÓN [http-nio-8080-exec-434] org.apache.catalina.core.ApplicationContext.log Manager: list: Listing contexts for virtual host 'localhost'
23-Dec-2021 00:08:11.845 INFORMACIÓN [http-nio-8080-exec-427] org.apache.catalina.core.ApplicationContext.log Manager: list: Listing contexts for virtual host 'localhost'
23-Dec-2021 00:09:24.692 INFORMACIÓN [http-nio-8080-exec-427] org.apache.catalina.core.ApplicationContext.log Manager: list: Listing contexts for virtual host 'localhost'
23-Dec-2021 00:10:44.016 INFORMACIÓN [http-nio-8080-exec-429] org.apache.catalina.core.ApplicationContext.log Manager: list: Listing contexts for virtual host 'localhost'
23-Dec-2021 00:11:45.262 INFORMACIÓN [http-nio-8080-exec-429] org.apache.catalina.core.ApplicationContext.log Manager: list: Listing contexts for virtual host 'localhost'
23-Dec-2021 00:11:45.269 INFORMACIÓN [http-nio-8080-exec-431] org.apache.catalina.core.ApplicationContext.log Manager: restart: Reloading web application '/Examen-PGWEB'
23-Dec-2021 00:11:52.542 INFORMACIÓN [http-nio-8080-exec-428] org.apache.catalina.core.ApplicationContext.log Manager: list: Listing contexts for virtual host 'localhost'
23-Dec-2021 00:11:52.549 INFORMACIÓN [http-nio-8080-exec-438] org.apache.catalina.core.ApplicationContext.log Manager: undeploy: Undeploying web application at '/Examen-PGWEB'
23-Dec-2021 00:11:57.499 INFORMACIÓN [http-nio-8080-exec-430] org.apache.catalina.core.ApplicationContext.log Manager: list: Listing contexts for virtual host 'localhost'
23-Dec-2021 00:11:57.501 INFORMACIÓN [http-nio-8080-exec-435] org.apache.catalina.core.ApplicationContext.log Manager: list: Listing contexts for virtual host 'localhost'
23-Dec-2021 00:11:57.512 INFORMACIÓN [http-nio-8080-exec-432] org.apache.catalina.core.ApplicationContext.log Manager: install: Installing context configuration at 'file:/C:/Users/jeiso/AppData/Local/Temp/context5475483529861136975.xml'
23-Dec-2021 00:11:58.801 INFORMACIÓN [http-nio-8080-exec-438] org.apache.catalina.core.ApplicationContext.log Manager: start: Starting web application '/Examen-PGWEB'
23-Dec-2021 00:13:20.942 INFORMACIÓN [http-nio-8080-exec-443] org.apache.catalina.core.ApplicationContext.log Manager: list: Listing contexts for virtual host 'localhost'
23-Dec-2021 00:13:20.951 INFORMACIÓN [http-nio-8080-exec-445] org.apache.catalina.core.ApplicationContext.log Manager: restart: Reloading web application '/Examen-PGWEB'
23-Dec-2021 00:14:20.053 INFORMACIÓN [http-nio-8080-exec-449] org.apache.catalina.core.ApplicationContext.log Manager: list: Listing contexts for virtual host 'localhost'
23-Dec-2021 00:14:20.061 INFORMACIÓN [http-nio-8080-exec-441] org.apache.catalina.core.ApplicationContext.log Manager: restart: Reloading web application '/Examen-PGWEB'
23-Dec-2021 00:14:27.865 INFORMACIÓN [http-nio-8080-exec-443] org.apache.catalina.core.ApplicationContext.log Manager: list: Listing contexts for virtual host 'localhost'
23-Dec-2021 00:14:27.871 INFORMACIÓN [http-nio-8080-exec-451] org.apache.catalina.core.ApplicationContext.log Manager: undeploy: Undeploying web application at '/Examen-PGWEB'
23-Dec-2021 00:14:39.054 INFORMACIÓN [http-nio-8080-exec-442] org.apache.catalina.core.ApplicationContext.log Manager: list: Listing contexts for virtual host 'localhost'
23-Dec-2021 00:14:39.056 INFORMACIÓN [http-nio-8080-exec-450] org.apache.catalina.core.ApplicationContext.log Manager: list: Listing contexts for virtual host 'localhost'
23-Dec-2021 00:14:39.066 INFORMACIÓN [http-nio-8080-exec-452] org.apache.catalina.core.ApplicationContext.log Manager: install: Installing context configuration at 'file:/C:/Users/jeiso/AppData/Local/Temp/context3346301928604762821.xml'
23-Dec-2021 00:14:40.365 INFORMACIÓN [http-nio-8080-exec-451] org.apache.catalina.core.ApplicationContext.log Manager: start: Starting web application '/Examen-PGWEB'
23-Dec-2021 00:18:18.167 INFORMACIÓN [http-nio-8080-exec-460] org.apache.catalina.core.ApplicationContext.log Manager: list: Listing contexts for virtual host 'localhost'
23-Dec-2021 00:18:18.173 INFORMACIÓN [http-nio-8080-exec-454] org.apache.catalina.core.ApplicationContext.log Manager: undeploy: Undeploying web application at '/Examen-PGWEB'
23-Dec-2021 00:18:24.195 INFORMACIÓN [http-nio-8080-exec-460] org.apache.catalina.core.ApplicationContext.log Manager: list: Listing contexts for virtual host 'localhost'
23-Dec-2021 00:18:24.198 INFORMACIÓN [http-nio-8080-exec-463] org.apache.catalina.core.ApplicationContext.log Manager: list: Listing contexts for virtual host 'localhost'
23-Dec-2021 00:18:24.208 INFORMACIÓN [http-nio-8080-exec-456] org.apache.catalina.core.ApplicationContext.log Manager: install: Installing context configuration at 'file:/C:/Users/jeiso/AppData/Local/Temp/context8334998747525139748.xml'
23-Dec-2021 00:18:25.520 INFORMACIÓN [http-nio-8080-exec-464] org.apache.catalina.core.ApplicationContext.log Manager: start: Starting web application '/Examen-PGWEB'
23-Dec-2021 00:21:47.893 INFORMACIÓN [http-nio-8080-exec-470] org.apache.catalina.core.ApplicationContext.log Manager: list: Listing contexts for virtual host 'localhost'
23-Dec-2021 00:21:55.916 INFORMACIÓN [http-nio-8080-exec-471] org.apache.catalina.core.ApplicationContext.log Manager: list: Listing contexts for virtual host 'localhost'
23-Dec-2021 00:21:57.995 INFORMACIÓN [http-nio-8080-exec-467] org.apache.catalina.core.ApplicationContext.log Manager: list: Listing contexts for virtual host 'localhost'
23-Dec-2021 00:21:58.000 INFORMACIÓN [http-nio-8080-exec-472] org.apache.catalina.core.ApplicationContext.log Manager: undeploy: Undeploying web application at '/Examen-PGWEB'
23-Dec-2021 00:22:12.065 INFORMACIÓN [http-nio-8080-exec-466] org.apache.catalina.core.ApplicationContext.log Manager: list: Listing contexts for virtual host 'localhost'
23-Dec-2021 00:22:12.067 INFORMACIÓN [http-nio-8080-exec-473] org.apache.catalina.core.ApplicationContext.log Manager: list: Listing contexts for virtual host 'localhost'
23-Dec-2021 00:22:12.076 INFORMACIÓN [http-nio-8080-exec-468] org.apache.catalina.core.ApplicationContext.log Manager: install: Installing context configuration at 'file:/C:/Users/jeiso/AppData/Local/Temp/context7855915528109415867.xml'
23-Dec-2021 00:22:13.379 INFORMACIÓN [http-nio-8080-exec-474] org.apache.catalina.core.ApplicationContext.log Manager: start: Starting web application '/Examen-PGWEB'
23-Dec-2021 00:28:05.277 INFORMACIÓN [http-nio-8080-exec-474] org.apache.catalina.core.ApplicationContext.log Manager: list: Listing contexts for virtual host 'localhost'
23-Dec-2021 00:28:15.102 INFORMACIÓN [http-nio-8080-exec-479] org.apache.catalina.core.ApplicationContext.log Manager: list: Listing contexts for virtual host 'localhost'
23-Dec-2021 00:28:15.108 INFORMACIÓN [http-nio-8080-exec-481] org.apache.catalina.core.ApplicationContext.log Manager: undeploy: Undeploying web application at '/Examen-PGWEB'
23-Dec-2021 00:28:23.968 INFORMACIÓN [http-nio-8080-exec-478] org.apache.catalina.core.ApplicationContext.log Manager: list: Listing contexts for virtual host 'localhost'
23-Dec-2021 00:28:23.970 INFORMACIÓN [http-nio-8080-exec-483] org.apache.catalina.core.ApplicationContext.log Manager: list: Listing contexts for virtual host 'localhost'
23-Dec-2021 00:28:23.980 INFORMACIÓN [http-nio-8080-exec-482] org.apache.catalina.core.ApplicationContext.log Manager: install: Installing context configuration at 'file:/C:/Users/jeiso/AppData/Local/Temp/context8829947921841957090.xml'
23-Dec-2021 00:28:25.318 INFORMACIÓN [http-nio-8080-exec-484] org.apache.catalina.core.ApplicationContext.log Manager: start: Starting web application '/Examen-PGWEB'
23-Dec-2021 00:28:54.026 INFORMACIÓN [http-nio-8080-exec-484] org.apache.catalina.core.ApplicationContext.log Manager: list: Listing contexts for virtual host 'localhost'
23-Dec-2021 00:29:38.650 INFORMACIÓN [http-nio-8080-exec-489] org.apache.catalina.core.ApplicationContext.log Manager: list: Listing contexts for virtual host 'localhost'
23-Dec-2021 00:29:50.424 INFORMACIÓN [http-nio-8080-exec-492] org.apache.catalina.core.ApplicationContext.log Manager: list: Listing contexts for virtual host 'localhost'
23-Dec-2021 00:30:26.399 INFORMACIÓN [http-nio-8080-exec-486] org.apache.catalina.core.ApplicationContext.log Manager: list: Listing contexts for virtual host 'localhost'
23-Dec-2021 00:31:29.835 INFORMACIÓN [http-nio-8080-exec-493] org.apache.catalina.core.ApplicationContext.log Manager: list: Listing contexts for virtual host 'localhost'
23-Dec-2021 00:31:49.569 INFORMACIÓN [http-nio-8080-exec-488] org.apache.catalina.core.ApplicationContext.log Manager: list: Listing contexts for virtual host 'localhost'
23-Dec-2021 00:31:58.176 INFORMACIÓN [http-nio-8080-exec-491] org.apache.catalina.core.ApplicationContext.log Manager: list: Listing contexts for virtual host 'localhost'
23-Dec-2021 00:33:45.816 INFORMACIÓN [http-nio-8080-exec-489] org.apache.catalina.core.ApplicationContext.log Manager: list: Listing contexts for virtual host 'localhost'
23-Dec-2021 00:33:47.337 INFORMACIÓN [http-nio-8080-exec-490] org.apache.catalina.core.ApplicationContext.log Manager: list: Listing contexts for virtual host 'localhost'
23-Dec-2021 00:34:41.545 INFORMACIÓN [http-nio-8080-exec-489] org.apache.catalina.core.ApplicationContext.log Manager: list: Listing contexts for virtual host 'localhost'
23-Dec-2021 00:34:43.070 INFORMACIÓN [http-nio-8080-exec-492] org.apache.catalina.core.ApplicationContext.log Manager: list: Listing contexts for virtual host 'localhost'
23-Dec-2021 00:37:13.390 INFORMACIÓN [http-nio-8080-exec-484] org.apache.catalina.core.ApplicationContext.log Manager: list: Listing contexts for virtual host 'localhost'
23-Dec-2021 00:37:47.015 INFORMACIÓN [http-nio-8080-exec-486] org.apache.catalina.core.ApplicationContext.log Manager: list: Listing contexts for virtual host 'localhost'
23-Dec-2021 00:37:57.260 INFORMACIÓN [http-nio-8080-exec-484] org.apache.catalina.core.ApplicationContext.log Manager: list: Listing contexts for virtual host 'localhost'
23-Dec-2021 00:39:09.856 INFORMACIÓN [http-nio-8080-exec-492] org.apache.catalina.core.ApplicationContext.log Manager: list: Listing contexts for virtual host 'localhost'
23-Dec-2021 00:39:48.801 INFORMACIÓN [http-nio-8080-exec-491] org.apache.catalina.core.ApplicationContext.log Manager: list: Listing contexts for virtual host 'localhost'
23-Dec-2021 00:41:44.291 INFORMACIÓN [http-nio-8080-exec-491] org.apache.catalina.core.ApplicationContext.log Manager: list: Listing contexts for virtual host 'localhost'
23-Dec-2021 00:41:44.297 INFORMACIÓN [http-nio-8080-exec-490] org.apache.catalina.core.ApplicationContext.log Manager: undeploy: Undeploying web application at '/Examen-PGWEB'
23-Dec-2021 00:42:03.868 INFORMACIÓN [http-nio-8080-exec-2] org.apache.catalina.core.ApplicationContext.log Manager: init: Associated with Deployer 'Catalina:type=Deployer,host=localhost'
23-Dec-2021 00:42:03.868 INFORMACIÓN [http-nio-8080-exec-2] org.apache.catalina.core.ApplicationContext.log Manager: init: Global resources are available
23-Dec-2021 00:42:04.341 INFORMACIÓN [http-nio-8080-exec-3] org.apache.catalina.core.ApplicationContext.log Manager: list: Listing contexts for virtual host 'localhost'
23-Dec-2021 00:42:04.345 INFORMACIÓN [http-nio-8080-exec-4] org.apache.catalina.core.ApplicationContext.log Manager: list: Listing contexts for virtual host 'localhost'
23-Dec-2021 00:42:04.356 INFORMACIÓN [http-nio-8080-exec-5] org.apache.catalina.core.ApplicationContext.log Manager: install: Installing context configuration at 'file:/C:/Users/jeiso/AppData/Local/Temp/context1724543274196583951.xml'
23-Dec-2021 00:42:06.049 INFORMACIÓN [http-nio-8080-exec-6] org.apache.catalina.core.ApplicationContext.log Manager: start: Starting web application '/Examen-PGWEB'
23-Dec-2021 00:58:03.520 INFORMACIÓN [http-nio-8080-exec-9] org.apache.catalina.core.ApplicationContext.log Manager: list: Listing contexts for virtual host 'localhost'
23-Dec-2021 00:58:03.527 INFORMACIÓN [http-nio-8080-exec-7] org.apache.catalina.core.ApplicationContext.log Manager: undeploy: Undeploying web application at '/Examen-PGWEB'
23-Dec-2021 09:44:29.070 INFORMACIÓN [http-nio-8080-exec-6] org.apache.catalina.core.ApplicationContext.log Manager: init: Associated with Deployer 'Catalina:type=Deployer,host=localhost'
23-Dec-2021 09:44:29.071 INFORMACIÓN [http-nio-8080-exec-6] org.apache.catalina.core.ApplicationContext.log Manager: init: Global resources are available
23-Dec-2021 09:44:30.386 INFORMACIÓN [http-nio-8080-exec-9] org.apache.catalina.core.ApplicationContext.log Manager: list: Listing contexts for virtual host 'localhost'
23-Dec-2021 09:44:30.405 INFORMACIÓN [http-nio-8080-exec-3] org.apache.catalina.core.ApplicationContext.log Manager: list: Listing contexts for virtual host 'localhost'
23-Dec-2021 09:44:30.464 INFORMACIÓN [http-nio-8080-exec-10] org.apache.catalina.core.ApplicationContext.log Manager: install: Installing context configuration at 'file:/C:/Users/jeiso/AppData/Local/Temp/context8084864761086159714.xml'
23-Dec-2021 09:44:36.156 INFORMACIÓN [http-nio-8080-exec-1] org.apache.catalina.core.ApplicationContext.log Manager: start: Starting web application '/Examen-PGWEB'
23-Dec-2021 09:45:36.403 INFORMACIÓN [http-nio-8080-exec-5] org.apache.catalina.core.ApplicationContext.log Manager: list: Listing contexts for virtual host 'localhost'
23-Dec-2021 09:45:42.190 INFORMACIÓN [http-nio-8080-exec-4] org.apache.catalina.core.ApplicationContext.log Manager: list: Listing contexts for virtual host 'localhost'
23-Dec-2021 09:45:42.231 INFORMACIÓN [http-nio-8080-exec-6] org.apache.catalina.core.ApplicationContext.log Manager: undeploy: Undeploying web application at '/Examen-PGWEB'
23-Dec-2021 09:45:57.305 INFORMACIÓN [http-nio-8080-exec-11] org.apache.catalina.core.ApplicationContext.log Manager: list: Listing contexts for virtual host 'localhost'
23-Dec-2021 09:45:57.320 INFORMACIÓN [http-nio-8080-exec-9] org.apache.catalina.core.ApplicationContext.log Manager: list: Listing contexts for virtual host 'localhost'
23-Dec-2021 09:45:57.372 INFORMACIÓN [http-nio-8080-exec-7] org.apache.catalina.core.ApplicationContext.log Manager: install: Installing context configuration at 'file:/C:/Users/jeiso/AppData/Local/Temp/context3587548543802361905.xml'
23-Dec-2021 09:46:03.594 INFORMACIÓN [http-nio-8080-exec-3] org.apache.catalina.core.ApplicationContext.log Manager: start: Starting web application '/Examen-PGWEB'
23-Dec-2021 09:48:36.421 INFORMACIÓN [http-nio-8080-exec-12] org.apache.catalina.core.ApplicationContext.log Manager: list: Listing contexts for virtual host 'localhost'
23-Dec-2021 09:48:36.454 INFORMACIÓN [http-nio-8080-exec-11] org.apache.catalina.core.ApplicationContext.log Manager: restart: Reloading web application '/Examen-PGWEB'
23-Dec-2021 09:49:03.688 INFORMACIÓN [http-nio-8080-exec-22] org.apache.catalina.core.ApplicationContext.log Manager: list: Listing contexts for virtual host 'localhost'
23-Dec-2021 09:49:03.726 INFORMACIÓN [http-nio-8080-exec-18] org.apache.catalina.core.ApplicationContext.log Manager: restart: Reloading web application '/Examen-PGWEB'
23-Dec-2021 09:51:09.281 INFORMACIÓN [http-nio-8080-exec-25] org.apache.catalina.core.ApplicationContext.log Manager: list: Listing contexts for virtual host 'localhost'
23-Dec-2021 09:51:09.317 INFORMACIÓN [http-nio-8080-exec-24] org.apache.catalina.core.ApplicationContext.log Manager: restart: Reloading web application '/Examen-PGWEB'
23-Dec-2021 09:51:16.926 INFORMACIÓN [http-nio-8080-exec-27] org.apache.catalina.core.ApplicationContext.log Manager: list: Listing contexts for virtual host 'localhost'
23-Dec-2021 09:51:16.959 INFORMACIÓN [http-nio-8080-exec-15] org.apache.catalina.core.ApplicationContext.log Manager: restart: Reloading web application '/Examen-PGWEB'
23-Dec-2021 09:52:37.704 INFORMACIÓN [http-nio-8080-exec-31] org.apache.catalina.core.ApplicationContext.log Manager: list: Listing contexts for virtual host 'localhost'
23-Dec-2021 09:52:39.026 INFORMACIÓN [http-nio-8080-exec-29] org.apache.catalina.core.ApplicationContext.log Manager: list: Listing contexts for virtual host 'localhost'
23-Dec-2021 09:52:39.070 INFORMACIÓN [http-nio-8080-exec-22] org.apache.catalina.core.ApplicationContext.log Manager: restart: Reloading web application '/Examen-PGWEB'
23-Dec-2021 10:03:21.612 INFORMACIÓN [http-nio-8080-exec-38] org.apache.catalina.core.ApplicationContext.log Manager: list: Listing contexts for virtual host 'localhost'
23-Dec-2021 10:03:21.655 INFORMACIÓN [http-nio-8080-exec-37] org.apache.catalina.core.ApplicationContext.log Manager: restart: Reloading web application '/Examen-PGWEB'
23-Dec-2021 10:12:59.669 INFORMACIÓN [http-nio-8080-exec-54] org.apache.catalina.core.ApplicationContext.log Manager: list: Listing contexts for virtual host 'localhost'
23-Dec-2021 10:12:59.708 INFORMACIÓN [http-nio-8080-exec-45] org.apache.catalina.core.ApplicationContext.log Manager: restart: Reloading web application '/Examen-PGWEB'
23-Dec-2021 10:13:06.992 INFORMACIÓN [http-nio-8080-exec-52] org.apache.catalina.core.ApplicationContext.log Manager: list: Listing contexts for virtual host 'localhost'
23-Dec-2021 10:13:07.022 INFORMACIÓN [http-nio-8080-exec-47] org.apache.catalina.core.ApplicationContext.log Manager: restart: Reloading web application '/Examen-PGWEB'
23-Dec-2021 10:15:15.469 INFORMACIÓN [http-nio-8080-exec-58] org.apache.catalina.core.ApplicationContext.log Manager: list: Listing contexts for virtual host 'localhost'
23-Dec-2021 10:15:15.505 INFORMACIÓN [http-nio-8080-exec-57] org.apache.catalina.core.ApplicationContext.log Manager: restart: Reloading web application '/Examen-PGWEB'
23-Dec-2021 10:15:53.639 INFORMACIÓN [http-nio-8080-exec-50] org.apache.catalina.core.ApplicationContext.log Manager: list: Listing contexts for virtual host 'localhost'
23-Dec-2021 10:15:53.676 INFORMACIÓN [http-nio-8080-exec-61] org.apache.catalina.core.ApplicationContext.log Manager: restart: Reloading web application '/Examen-PGWEB'
23-Dec-2021 10:16:35.366 INFORMACIÓN [http-nio-8080-exec-52] org.apache.catalina.core.ApplicationContext.log Manager: list: Listing contexts for virtual host 'localhost'
23-Dec-2021 10:16:35.398 INFORMACIÓN [http-nio-8080-exec-59] org.apache.catalina.core.ApplicationContext.log Manager: restart: Reloading web application '/Examen-PGWEB'
23-Dec-2021 10:16:55.308 INFORMACIÓN [http-nio-8080-exec-52] org.apache.catalina.core.ApplicationContext.log Manager: list: Listing contexts for virtual host 'localhost'
23-Dec-2021 10:16:55.346 INFORMACIÓN [http-nio-8080-exec-64] org.apache.catalina.core.ApplicationContext.log Manager: restart: Reloading web application '/Examen-PGWEB'
23-Dec-2021 10:17:34.300 INFORMACIÓN [http-nio-8080-exec-56] org.apache.catalina.core.ApplicationContext.log Manager: list: Listing contexts for virtual host 'localhost'
23-Dec-2021 10:17:34.331 INFORMACIÓN [http-nio-8080-exec-52] org.apache.catalina.core.ApplicationContext.log Manager: restart: Reloading web application '/Examen-PGWEB'
23-Dec-2021 10:17:50.775 INFORMACIÓN [http-nio-8080-exec-62] org.apache.catalina.core.ApplicationContext.log Manager: list: Listing contexts for virtual host 'localhost'
23-Dec-2021 10:17:50.810 INFORMACIÓN [http-nio-8080-exec-58] org.apache.catalina.core.ApplicationContext.log Manager: restart: Reloading web application '/Examen-PGWEB'
23-Dec-2021 10:20:34.807 INFORMACIÓN [http-nio-8080-exec-74] org.apache.catalina.core.ApplicationContext.log Manager: list: Listing contexts for virtual host 'localhost'
23-Dec-2021 10:20:34.844 INFORMACIÓN [http-nio-8080-exec-77] org.apache.catalina.core.ApplicationContext.log Manager: restart: Reloading web application '/Examen-PGWEB'
23-Dec-2021 10:23:23.699 INFORMACIÓN [http-nio-8080-exec-79] org.apache.catalina.core.ApplicationContext.log Manager: list: Listing contexts for virtual host 'localhost'
23-Dec-2021 10:23:23.735 INFORMACIÓN [http-nio-8080-exec-80] org.apache.catalina.core.ApplicationContext.log Manager: restart: Reloading web application '/Examen-PGWEB'
23-Dec-2021 10:24:39.517 INFORMACIÓN [http-nio-8080-exec-87] org.apache.catalina.core.ApplicationContext.log Manager: list: Listing contexts for virtual host 'localhost'
23-Dec-2021 10:24:48.847 INFORMACIÓN [http-nio-8080-exec-82] org.apache.catalina.core.ApplicationContext.log Manager: list: Listing contexts for virtual host 'localhost'
23-Dec-2021 10:24:48.887 INFORMACIÓN [http-nio-8080-exec-83] org.apache.catalina.core.ApplicationContext.log Manager: undeploy: Undeploying web application at '/Examen-PGWEB'
23-Dec-2021 10:25:16.351 INFORMACIÓN [http-nio-8080-exec-75] org.apache.catalina.core.ApplicationContext.log Manager: list: Listing contexts for virtual host 'localhost'
23-Dec-2021 10:25:16.361 INFORMACIÓN [http-nio-8080-exec-84] org.apache.catalina.core.ApplicationContext.log Manager: list: Listing contexts for virtual host 'localhost'
23-Dec-2021 10:25:16.395 INFORMACIÓN [http-nio-8080-exec-88] org.apache.catalina.core.ApplicationContext.log Manager: install: Installing context configuration at 'file:/C:/Users/jeiso/AppData/Local/Temp/context2949773330481490749.xml'
23-Dec-2021 10:25:21.378 INFORMACIÓN [http-nio-8080-exec-83] org.apache.catalina.core.ApplicationContext.log Manager: start: Starting web application '/Examen-PGWEB'
